#
# There is insufficient memory for the Java Runtime Environment to continue.
# Native memory allocation (mmap) failed to map 1798569984 bytes for committing reserved memory.
# Possible reasons:
#   The system is out of physical RAM or swap space
#   In 32 bit mode, the process size limit was hit
# Possible solutions:
#   Reduce memory load on the system
#   Increase physical memory or swap space
#   Check if swap backing store is full
#   Use 64 bit Java on a 64 bit OS
#   Decrease Java heap size (-Xmx/-Xms)
#   Decrease number of Java threads
#   Decrease Java thread stack sizes (-Xss)
#   Set larger code cache with -XX:ReservedCodeCacheSize=
# This output file may be truncated or incomplete.
#
#  Out of Memory Error (os_linux.cpp:2643), pid=4548, tid=0x00007f4d7821f700
#
# JRE version:  (8.0_171-b11) (build )
# Java VM: OpenJDK 64-Bit Server VM (25.171-b11 mixed mode linux-amd64 compressed oops)
# Failed to write core dump. Core dumps have been disabled. To enable core dumping, try "ulimit -c unlimited" before starting Java again
#

---------------  T H R E A D  ---------------

Current thread (0x00007f4d7000c000):  JavaThread "Unknown thread" [_thread_in_vm, id=4554, stack(0x00007f4d781df000,0x00007f4d78220000)]

Stack: [0x00007f4d781df000,0x00007f4d78220000],  sp=0x00007f4d7821e530,  free space=253k
Native frames: (J=compiled Java code, j=interpreted, Vv=VM code, C=native code)
V  [libjvm.so+0xa6db9b]
V  [libjvm.so+0x4c694c]
V  [libjvm.so+0x8ba818]
V  [libjvm.so+0x8b4bae]
V  [libjvm.so+0xa6a484]
V  [libjvm.so+0x5cc830]
V  [libjvm.so+0x4a4f3d]
V  [libjvm.so+0x5cd699]
V  [libjvm.so+0x5b980f]
V  [libjvm.so+0xa310f9]
V  [libjvm.so+0xa31342]
V  [libjvm.so+0x61133f]
V  [libjvm.so+0xa166ea]
V  [libjvm.so+0x68b8c2]  JNI_CreateJavaVM+0x62
C  [libjli.so+0x2f2e]
C  [libjli.so+0x74ad]
C  [libpthread.so.0+0x76ba]  start_thread+0xca


---------------  P R O C E S S  ---------------

Java Threads: ( => current thread )

Other Threads:

=>0x00007f4d7000c000 (exited) JavaThread "Unknown thread" [_thread_in_vm, id=4554, stack(0x00007f4d781df000,0x00007f4d78220000)]

VM state:not at safepoint (not fully initialized)

VM Mutex/Monitor currently owned by a thread: None

GC Heap History (0 events):
No events

Deoptimization events (0 events):
No events

Classes redefined (0 events):
No events

Internal exceptions (0 events):
No events

Events (0 events):
No events


Dynamic libraries:
00400000-00401000 r-xp 00000000 fc:00 1848810                            /usr/lib/jvm/java-8-openjdk-amd64/jre/bin/java
00600000-00601000 r--p 00000000 fc:00 1848810                            /usr/lib/jvm/java-8-openjdk-amd64/jre/bin/java
00601000-00602000 rw-p 00001000 fc:00 1848810                            /usr/lib/jvm/java-8-openjdk-amd64/jre/bin/java
02175000-021b4000 rw-p 00000000 00:00 0                                  [heap]
80000000-94cc0000 rw-p 00000000 00:00 0 
7f4d4c000000-7f4d4c021000 rw-p 00000000 00:00 0 
7f4d4c021000-7f4d50000000 ---p 00000000 00:00 0 
7f4d54000000-7f4d54021000 rw-p 00000000 00:00 0 
7f4d54021000-7f4d58000000 ---p 00000000 00:00 0 
7f4d58000000-7f4d58021000 rw-p 00000000 00:00 0 
7f4d58021000-7f4d5c000000 ---p 00000000 00:00 0 
7f4d5c000000-7f4d5c021000 rw-p 00000000 00:00 0 
7f4d5c021000-7f4d60000000 ---p 00000000 00:00 0 
7f4d60bfc000-7f4d61000000 rw-p 00000000 00:00 0 
7f4d61000000-7f4d61270000 rwxp 00000000 00:00 0 
7f4d61270000-7f4d70000000 ---p 00000000 00:00 0 
7f4d70000000-7f4d7003c000 rw-p 00000000 00:00 0 
7f4d7003c000-7f4d74000000 ---p 00000000 00:00 0 
7f4d740ca000-7f4d74171000 rw-p 00000000 00:00 0 
7f4d74171000-7f4d744ca000 ---p 00000000 00:00 0 
7f4d744ca000-7f4d744cb000 rw-p 00000000 00:00 0 
7f4d744cb000-7f4d744cc000 ---p 00000000 00:00 0 
7f4d744cc000-7f4d745cc000 rw-p 00000000 00:00 0 
7f4d745cc000-7f4d745cd000 ---p 00000000 00:00 0 
7f4d745cd000-7f4d746cd000 rw-p 00000000 00:00 0 
7f4d746cd000-7f4d746ce000 ---p 00000000 00:00 0 
7f4d746ce000-7f4d747d8000 rw-p 00000000 00:00 0 
7f4d747d8000-7f4d74b8e000 ---p 00000000 00:00 0 
7f4d74b8e000-7f4d74b96000 r-xp 00000000 fc:00 1848849                    /usr/lib/jvm/java-8-openjdk-amd64/jre/lib/amd64/libzip.so
7f4d74b96000-7f4d74d95000 ---p 00008000 fc:00 1848849                    /usr/lib/jvm/java-8-openjdk-amd64/jre/lib/amd64/libzip.so
7f4d74d95000-7f4d74d96000 r--p 00007000 fc:00 1848849                    /usr/lib/jvm/java-8-openjdk-amd64/jre/lib/amd64/libzip.so
7f4d74d96000-7f4d74d97000 rw-p 00008000 fc:00 1848849                    /usr/lib/jvm/java-8-openjdk-amd64/jre/lib/amd64/libzip.so
7f4d74d97000-7f4d74da2000 r-xp 00000000 fc:00 3670581                    /lib/x86_64-linux-gnu/libnss_files-2.23.so
7f4d74da2000-7f4d74fa1000 ---p 0000b000 fc:00 3670581                    /lib/x86_64-linux-gnu/libnss_files-2.23.so
7f4d74fa1000-7f4d74fa2000 r--p 0000a000 fc:00 3670581                    /lib/x86_64-linux-gnu/libnss_files-2.23.so
7f4d74fa2000-7f4d74fa3000 rw-p 0000b000 fc:00 3670581                    /lib/x86_64-linux-gnu/libnss_files-2.23.so
7f4d74fa3000-7f4d74fa9000 rw-p 00000000 00:00 0 
7f4d74fa9000-7f4d74fb4000 r-xp 00000000 fc:00 3670585                    /lib/x86_64-linux-gnu/libnss_nis-2.23.so
7f4d74fb4000-7f4d751b3000 ---p 0000b000 fc:00 3670585                    /lib/x86_64-linux-gnu/libnss_nis-2.23.so
7f4d751b3000-7f4d751b4000 r--p 0000a000 fc:00 3670585                    /lib/x86_64-linux-gnu/libnss_nis-2.23.so
7f4d751b4000-7f4d751b5000 rw-p 0000b000 fc:00 3670585                    /lib/x86_64-linux-gnu/libnss_nis-2.23.so
7f4d751b5000-7f4d751cb000 r-xp 00000000 fc:00 3670575                    /lib/x86_64-linux-gnu/libnsl-2.23.so
7f4d751cb000-7f4d753ca000 ---p 00016000 fc:00 3670575                    /lib/x86_64-linux-gnu/libnsl-2.23.so
7f4d753ca000-7f4d753cb000 r--p 00015000 fc:00 3670575                    /lib/x86_64-linux-gnu/libnsl-2.23.so
7f4d753cb000-7f4d753cc000 rw-p 00016000 fc:00 3670575                    /lib/x86_64-linux-gnu/libnsl-2.23.so
7f4d753cc000-7f4d753ce000 rw-p 00000000 00:00 0 
7f4d753ce000-7f4d753d6000 r-xp 00000000 fc:00 3670577                    /lib/x86_64-linux-gnu/libnss_compat-2.23.so
7f4d753d6000-7f4d755d5000 ---p 00008000 fc:00 3670577                    /lib/x86_64-linux-gnu/libnss_compat-2.23.so
7f4d755d5000-7f4d755d6000 r--p 00007000 fc:00 3670577                    /lib/x86_64-linux-gnu/libnss_compat-2.23.so
7f4d755d6000-7f4d755d7000 rw-p 00008000 fc:00 3670577                    /lib/x86_64-linux-gnu/libnss_compat-2.23.so
7f4d755d7000-7f4d75604000 r-xp 00000000 fc:00 1848840                    /usr/lib/jvm/java-8-openjdk-amd64/jre/lib/amd64/libjava.so
7f4d75604000-7f4d75803000 ---p 0002d000 fc:00 1848840                    /usr/lib/jvm/java-8-openjdk-amd64/jre/lib/amd64/libjava.so
7f4d75803000-7f4d75804000 r--p 0002c000 fc:00 1848840                    /usr/lib/jvm/java-8-openjdk-amd64/jre/lib/amd64/libjava.so
7f4d75804000-7f4d75806000 rw-p 0002d000 fc:00 1848840                    /usr/lib/jvm/java-8-openjdk-amd64/jre/lib/amd64/libjava.so
7f4d75806000-7f4d75815000 r-xp 00000000 fc:00 1848826                    /usr/lib/jvm/java-8-openjdk-amd64/jre/lib/amd64/libverify.so
7f4d75815000-7f4d75a14000 ---p 0000f000 fc:00 1848826                    /usr/lib/jvm/java-8-openjdk-amd64/jre/lib/amd64/libverify.so
7f4d75a14000-7f4d75a16000 r--p 0000e000 fc:00 1848826                    /usr/lib/jvm/java-8-openjdk-amd64/jre/lib/amd64/libverify.so
7f4d75a16000-7f4d75a17000 rw-p 00010000 fc:00 1848826                    /usr/lib/jvm/java-8-openjdk-amd64/jre/lib/amd64/libverify.so
7f4d75a17000-7f4d75a1e000 r-xp 00000000 fc:00 3670610                    /lib/x86_64-linux-gnu/librt-2.23.so
7f4d75a1e000-7f4d75c1d000 ---p 00007000 fc:00 3670610                    /lib/x86_64-linux-gnu/librt-2.23.so
7f4d75c1d000-7f4d75c1e000 r--p 00006000 fc:00 3670610                    /lib/x86_64-linux-gnu/librt-2.23.so
7f4d75c1e000-7f4d75c1f000 rw-p 00007000 fc:00 3670610                    /lib/x86_64-linux-gnu/librt-2.23.so
7f4d75c1f000-7f4d75c35000 r-xp 00000000 fc:00 3670543                    /lib/x86_64-linux-gnu/libgcc_s.so.1
7f4d75c35000-7f4d75e34000 ---p 00016000 fc:00 3670543                    /lib/x86_64-linux-gnu/libgcc_s.so.1
7f4d75e34000-7f4d75e35000 rw-p 00015000 fc:00 3670543                    /lib/x86_64-linux-gnu/libgcc_s.so.1
7f4d75e35000-7f4d75f3d000 r-xp 00000000 fc:00 3670558                    /lib/x86_64-linux-gnu/libm-2.23.so
7f4d75f3d000-7f4d7613c000 ---p 00108000 fc:00 3670558                    /lib/x86_64-linux-gnu/libm-2.23.so
7f4d7613c000-7f4d7613d000 r--p 00107000 fc:00 3670558                    /lib/x86_64-linux-gnu/libm-2.23.so
7f4d7613d000-7f4d7613e000 rw-p 00108000 fc:00 3670558                    /lib/x86_64-linux-gnu/libm-2.23.so
7f4d7613e000-7f4d762b0000 r-xp 00000000 fc:00 1837577                    /usr/lib/x86_64-linux-gnu/libstdc++.so.6.0.21
7f4d762b0000-7f4d764b0000 ---p 00172000 fc:00 1837577                    /usr/lib/x86_64-linux-gnu/libstdc++.so.6.0.21
7f4d764b0000-7f4d764ba000 r--p 00172000 fc:00 1837577                    /usr/lib/x86_64-linux-gnu/libstdc++.so.6.0.21
7f4d764ba000-7f4d764bc000 rw-p 0017c000 fc:00 1837577                    /usr/lib/x86_64-linux-gnu/libstdc++.so.6.0.21
7f4d764bc000-7f4d764c0000 rw-p 00000000 00:00 0 
7f4d764c0000-7f4d77119000 r-xp 00000000 fc:00 1848853                    /usr/lib/jvm/java-8-openjdk-amd64/jre/lib/amd64/server/libjvm.so
7f4d77119000-7f4d77319000 ---p 00c59000 fc:00 1848853                    /usr/lib/jvm/java-8-openjdk-amd64/jre/lib/amd64/server/libjvm.so
7f4d77319000-7f4d773ac000 r--p 00c59000 fc:00 1848853                    /usr/lib/jvm/java-8-openjdk-amd64/jre/lib/amd64/server/libjvm.so
7f4d773ac000-7f4d773d5000 rw-p 00cec000 fc:00 1848853                    /usr/lib/jvm/java-8-openjdk-amd64/jre/lib/amd64/server/libjvm.so
7f4d773d5000-7f4d77405000 rw-p 00000000 00:00 0 
7f4d77405000-7f4d7741d000 r-xp 00000000 fc:00 3670604                    /lib/x86_64-linux-gnu/libpthread-2.23.so
7f4d7741d000-7f4d7761c000 ---p 00018000 fc:00 3670604                    /lib/x86_64-linux-gnu/libpthread-2.23.so
7f4d7761c000-7f4d7761d000 r--p 00017000 fc:00 3670604                    /lib/x86_64-linux-gnu/libpthread-2.23.so
7f4d7761d000-7f4d7761e000 rw-p 00018000 fc:00 3670604                    /lib/x86_64-linux-gnu/libpthread-2.23.so
7f4d7761e000-7f4d77622000 rw-p 00000000 00:00 0 
7f4d77622000-7f4d77625000 r-xp 00000000 fc:00 3670531                    /lib/x86_64-linux-gnu/libdl-2.23.so
7f4d77625000-7f4d77824000 ---p 00003000 fc:00 3670531                    /lib/x86_64-linux-gnu/libdl-2.23.so
7f4d77824000-7f4d77825000 r--p 00002000 fc:00 3670531                    /lib/x86_64-linux-gnu/libdl-2.23.so
7f4d77825000-7f4d77826000 rw-p 00003000 fc:00 3670531                    /lib/x86_64-linux-gnu/libdl-2.23.so
7f4d77826000-7f4d7783f000 r-xp 00000000 fc:00 3670640                    /lib/x86_64-linux-gnu/libz.so.1.2.8
7f4d7783f000-7f4d77a3e000 ---p 00019000 fc:00 3670640                    /lib/x86_64-linux-gnu/libz.so.1.2.8
7f4d77a3e000-7f4d77a3f000 r--p 00018000 fc:00 3670640                    /lib/x86_64-linux-gnu/libz.so.1.2.8
7f4d77a3f000-7f4d77a40000 rw-p 00019000 fc:00 3670640                    /lib/x86_64-linux-gnu/libz.so.1.2.8
7f4d77a40000-7f4d77c00000 r-xp 00000000 fc:00 3670517                    /lib/x86_64-linux-gnu/libc-2.23.so
7f4d77c00000-7f4d77e00000 ---p 001c0000 fc:00 3670517                    /lib/x86_64-linux-gnu/libc-2.23.so
7f4d77e00000-7f4d77e04000 r--p 001c0000 fc:00 3670517                    /lib/x86_64-linux-gnu/libc-2.23.so
7f4d77e04000-7f4d77e06000 rw-p 001c4000 fc:00 3670517                    /lib/x86_64-linux-gnu/libc-2.23.so
7f4d77e06000-7f4d77e0a000 rw-p 00000000 00:00 0 
7f4d77e0a000-7f4d77e17000 r-xp 00000000 fc:00 1848850                    /usr/lib/jvm/java-8-openjdk-amd64/jre/lib/amd64/jli/libjli.so
7f4d77e17000-7f4d78017000 ---p 0000d000 fc:00 1848850                    /usr/lib/jvm/java-8-openjdk-amd64/jre/lib/amd64/jli/libjli.so
7f4d78017000-7f4d78018000 r--p 0000d000 fc:00 1848850                    /usr/lib/jvm/java-8-openjdk-amd64/jre/lib/amd64/jli/libjli.so
7f4d78018000-7f4d78019000 rw-p 0000e000 fc:00 1848850                    /usr/lib/jvm/java-8-openjdk-amd64/jre/lib/amd64/jli/libjli.so
7f4d78019000-7f4d7803f000 r-xp 00000000 fc:00 3670493                    /lib/x86_64-linux-gnu/ld-2.23.so
7f4d780de000-7f4d780df000 ---p 00000000 00:00 0 
7f4d780df000-7f4d781df000 rw-p 00000000 00:00 0 
7f4d781df000-7f4d781e2000 ---p 00000000 00:00 0 
7f4d781e2000-7f4d78224000 rw-p 00000000 00:00 0 
7f4d78233000-7f4d7823b000 rw-s 00000000 fc:00 5513040                    /tmp/hsperfdata_vagrant/4548
7f4d7823b000-7f4d7823c000 rw-p 00000000 00:00 0 
7f4d7823c000-7f4d7823d000 r--p 00000000 00:00 0 
7f4d7823d000-7f4d7823e000 rw-p 00000000 00:00 0 
7f4d7823e000-7f4d7823f000 r--p 00025000 fc:00 3670493                    /lib/x86_64-linux-gnu/ld-2.23.so
7f4d7823f000-7f4d78240000 rw-p 00026000 fc:00 3670493                    /lib/x86_64-linux-gnu/ld-2.23.so
7f4d78240000-7f4d78241000 rw-p 00000000 00:00 0 
7ffe2979c000-7ffe297bd000 rw-p 00000000 00:00 0                          [stack]
7ffe297bd000-7ffe297c0000 r--p 00000000 00:00 0                          [vvar]
7ffe297c0000-7ffe297c2000 r-xp 00000000 00:00 0                          [vdso]
ffffffffff600000-ffffffffff601000 r-xp 00000000 00:00 0                  [vsyscall]

VM Arguments:
jvm_args: -Xms2g -Xmx2g -Xss256k -Djava.awt.headless=true -XX:+UseParNewGC -XX:+UseConcMarkSweepGC -XX:CMSInitiatingOccupancyFraction=75 -XX:+UseCMSInitiatingOccupancyOnly -XX:+HeapDumpOnOutOfMemoryError -XX:+DisableExplicitGC -Dfile.encoding=UTF-8 -Delasticsearch -Des.foreground=yes -Des.path.home=/home/vagrant/youtube-scraper/linkurious-linux/system/elasticsearch 
java_command: org.elasticsearch.bootstrap.Elasticsearch
java_class_path (initial): :/home/vagrant/youtube-scraper/linkurious-linux/system/elasticsearch/lib/elasticsearch-1.4.5.jar:/home/vagrant/youtube-scraper/linkurious-linux/system/elasticsearch/lib/lucene-misc-4.10.4.jar:/home/vagrant/youtube-scraper/linkurious-linux/system/elasticsearch/lib/spatial4j-0.4.1.jar:/home/vagrant/youtube-scraper/linkurious-linux/system/elasticsearch/lib/lucene-grouping-4.10.4.jar:/home/vagrant/youtube-scraper/linkurious-linux/system/elasticsearch/lib/lucene-join-4.10.4.jar:/home/vagrant/youtube-scraper/linkurious-linux/system/elasticsearch/lib/lucene-analyzers-common-4.10.4.jar:/home/vagrant/youtube-scraper/linkurious-linux/system/elasticsearch/lib/asm-commons-4.1.jar:/home/vagrant/youtube-scraper/linkurious-linux/system/elasticsearch/lib/lucene-core-4.10.4.jar:/home/vagrant/youtube-scraper/linkurious-linux/system/elasticsearch/lib/elasticsearch-1.4.5.jar:/home/vagrant/youtube-scraper/linkurious-linux/system/elasticsearch/lib/lucene-memory-4.10.4.jar:/home/vagrant/youtube-scraper/linkurious-linux/system/elasticsearch/lib/lucene-sandbox-4.10.4.jar:/home/vagrant/youtube-scraper/linkurious-linux/system/elasticsearch/lib/lucene-spatial-4.10.4.jar:/home/vagrant/youtube-scraper/linkurious-linux/system/elasticsearch/lib/lucene-highlighter-4.10.4.jar:/home/vagrant/youtube-scraper/linkurious-linux/system/elasticsearch/lib/antlr-runtime-3.5.jar:/home/vagrant/youtube-scraper/linkurious-linux/system/elasticsearch/lib/jts-1.13.jar:/home/vagrant/youtube-scraper/linkurious-linux/system/elasticsearch/lib/lucene-expressions-4.10.4.jar:/home/vagrant/youtube-scraper/linkurious-linux/system/elasticsearch/lib/asm-4.1.jar:/home/vagrant/youtube-scraper/linkurious-linux/system/elasticsearch/lib/groovy-all-2.3.2.jar:/home/vagrant/youtube-scraper/linkurious-linux/system/elasticsearch/lib/jna-4.1.0.jar:/home/vagrant/youtube-scraper/linkurious-linux/system/elasticsearch/lib/log4j-1.2.17.jar:/home/vagrant/youtube-scraper/linkurious-linux/system/elasticsearch/lib/luc
Launcher Type: SUN_STANDARD

Environment Variables:
JAVA_HOME=/usr

Signal Handlers:
SIGSEGV: [libjvm.so+0xa6e6f0], sa_mask[0]=11111111011111111101111111111110, sa_flags=SA_RESTART|SA_SIGINFO
SIGBUS: [libjvm.so+0xa6e6f0], sa_mask[0]=11111111011111111101111111111110, sa_flags=SA_RESTART|SA_SIGINFO
SIGFPE: [libjvm.so+0x8b5d50], sa_mask[0]=11111111011111111101111111111110, sa_flags=SA_RESTART|SA_SIGINFO
SIGPIPE: [libjvm.so+0x8b5d50], sa_mask[0]=11111111011111111101111111111110, sa_flags=SA_RESTART|SA_SIGINFO
SIGXFSZ: [libjvm.so+0x8b5d50], sa_mask[0]=11111111011111111101111111111110, sa_flags=SA_RESTART|SA_SIGINFO
SIGILL: [libjvm.so+0x8b5d50], sa_mask[0]=11111111011111111101111111111110, sa_flags=SA_RESTART|SA_SIGINFO
SIGUSR1: SIG_DFL, sa_mask[0]=00000000000000000000000000000000, sa_flags=none
SIGUSR2: [libjvm.so+0x8b5c00], sa_mask[0]=00000000000000000000000000000000, sa_flags=SA_RESTART|SA_SIGINFO
SIGHUP: SIG_DFL, sa_mask[0]=00000000000000000000000000000000, sa_flags=none
SIGINT: SIG_DFL, sa_mask[0]=00000000000000000000000000000000, sa_flags=none
SIGTERM: SIG_DFL, sa_mask[0]=00000000000000000000000000000000, sa_flags=none
SIGQUIT: SIG_DFL, sa_mask[0]=00000000000000000000000000000000, sa_flags=none


---------------  S Y S T E M  ---------------

OS:DISTRIB_ID=Ubuntu
DISTRIB_RELEASE=16.04
DISTRIB_CODENAME=xenial
DISTRIB_DESCRIPTION="Ubuntu 16.04.4 LTS"

uname:Linux 4.4.0-130-generic #156-Ubuntu SMP Thu Jun 14 08:53:28 UTC 2018 x86_64
libc:glibc 2.23 NPTL 2.23 
rlimit: STACK 8192k, CORE 0k, NPROC 17215, NOFILE 1048576, AS infinity
load average:0.26 0.97 0.57

/proc/meminfo:
MemTotal:        4451584 kB
MemFree:          144740 kB
MemAvailable:     125196 kB
Buffers:           15960 kB
Cached:           284252 kB
SwapCached:        16512 kB
Active:          2947820 kB
Inactive:        1181964 kB
Active(anon):    2890640 kB
Inactive(anon):  1070104 kB
Active(file):      57180 kB
Inactive(file):   111860 kB
Unevictable:        3684 kB
Mlocked:            3684 kB
SwapTotal:       1003516 kB
SwapFree:         518880 kB
Dirty:                12 kB
Writeback:             0 kB
AnonPages:       3825404 kB
Mapped:           230300 kB
Shmem:            128744 kB
Slab:              66604 kB
SReclaimable:      32320 kB
SUnreclaim:        34284 kB
KernelStack:       11520 kB
PageTables:        47736 kB
NFS_Unstable:          0 kB
Bounce:                0 kB
WritebackTmp:          0 kB
CommitLimit:     3229308 kB
Committed_AS:    8773660 kB
VmallocTotal:   34359738367 kB
VmallocUsed:           0 kB
VmallocChunk:          0 kB
HardwareCorrupted:     0 kB
AnonHugePages:         0 kB
CmaTotal:              0 kB
CmaFree:               0 kB
HugePages_Total:       0
HugePages_Free:        0
HugePages_Rsvd:        0
HugePages_Surp:        0
Hugepagesize:       2048 kB
DirectMap4k:      116672 kB
DirectMap2M:     4491264 kB


CPU:total 4 (initial active 4) (4 cores per cpu, 1 threads per core) family 6 model 58 stepping 9, cmov, cx8, fxsr, mmx, sse, sse2, sse3, ssse3, sse4.1, sse4.2, popcnt, avx, aes, clmul, tsc, tscinvbit, tscinv

/proc/cpuinfo:
processor	: 0
vendor_id	: GenuineIntel
cpu family	: 6
model		: 58
model name	: Intel(R) Xeon(R) CPU E3-1270 V2 @ 3.50GHz
stepping	: 9
microcode	: 0x19
cpu MHz		: 3492.086
cache size	: 8192 KB
physical id	: 0
siblings	: 4
core id		: 0
cpu cores	: 4
apicid		: 0
initial apicid	: 0
fpu		: yes
fpu_exception	: yes
cpuid level	: 13
wp		: yes
flags		: fpu vme de pse tsc msr pae mce cx8 apic sep mtrr pge mca cmov pat pse36 clflush mmx fxsr sse sse2 ht syscall nx rdtscp lm constant_tsc rep_good nopl xtopology nonstop_tsc eagerfpu pni pclmulqdq ssse3 cx16 sse4_1 sse4_2 x2apic popcnt aes xsave avx rdrand hypervisor lahf_lm kaiser
bugs		: cpu_meltdown spectre_v1 spectre_v2 spec_store_bypass
bogomips	: 6984.17
clflush size	: 64
cache_alignment	: 64
address sizes	: 36 bits physical, 48 bits virtual
power management:

processor	: 1
vendor_id	: GenuineIntel
cpu family	: 6
model		: 58
model name	: Intel(R) Xeon(R) CPU E3-1270 V2 @ 3.50GHz
stepping	: 9
microcode	: 0x19
cpu MHz		: 3492.086
cache size	: 8192 KB
physical id	: 0
siblings	: 4
core id		: 1
cpu cores	: 4
apicid		: 1
initial apicid	: 1
fpu		: yes
fpu_exception	: yes
cpuid level	: 13
wp		: yes
flags		: fpu vme de pse tsc msr pae mce cx8 apic sep mtrr pge mca cmov pat pse36 clflush mmx fxsr sse sse2 ht syscall nx rdtscp lm constant_tsc rep_good nopl xtopology nonstop_tsc eagerfpu pni pclmulqdq ssse3 cx16 sse4_1 sse4_2 x2apic popcnt aes xsave avx rdrand hypervisor lahf_lm kaiser
bugs		: cpu_meltdown spectre_v1 spectre_v2 spec_store_bypass
bogomips	: 6984.17
clflush size	: 64
cache_alignment	: 64
address sizes	: 36 bits physical, 48 bits virtual
power management:

processor	: 2
vendor_id	: GenuineIntel
cpu family	: 6
model		: 58
model name	: Intel(R) Xeon(R) CPU E3-1270 V2 @ 3.50GHz
stepping	: 9
microcode	: 0x19
cpu MHz		: 3492.086
cache size	: 8192 KB
physical id	: 0
siblings	: 4
core id		: 2
cpu cores	: 4
apicid		: 2
initial apicid	: 2
fpu		: yes
fpu_exception	: yes
cpuid level	: 13
wp		: yes
flags		: fpu vme de pse tsc msr pae mce cx8 apic sep mtrr pge mca cmov pat pse36 clflush mmx fxsr sse sse2 ht syscall nx rdtscp lm constant_tsc rep_good nopl xtopology nonstop_tsc eagerfpu pni pclmulqdq ssse3 cx16 sse4_1 sse4_2 x2apic popcnt aes xsave avx rdrand hypervisor lahf_lm kaiser
bugs		: cpu_meltdown spectre_v1 spectre_v2 spec_store_bypass
bogomips	: 6984.17
clflush size	: 64
cache_alignment	: 64
address sizes	: 36 bits physical, 48 bits virtual
power management:

processor	: 3
vendor_id	: GenuineIntel
cpu family	: 6
model		: 58
model name	: Intel(R) Xeon(R) CPU E3-1270 V2 @ 3.50GHz
stepping	: 9
microcode	: 0x19
cpu MHz		: 3492.086
cache size	: 8192 KB
physical id	: 0
siblings	: 4
core id		: 3
cpu cores	: 4
apicid		: 3
initial apicid	: 3
fpu		: yes
fpu_exception	: yes
cpuid level	: 13
wp		: yes
flags		: fpu vme de pse tsc msr pae mce cx8 apic sep mtrr pge mca cmov pat pse36 clflush mmx fxsr sse sse2 ht syscall nx rdtscp lm constant_tsc rep_good nopl xtopology nonstop_tsc eagerfpu pni pclmulqdq ssse3 cx16 sse4_1 sse4_2 x2apic popcnt aes xsave avx rdrand hypervisor lahf_lm kaiser
bugs		: cpu_meltdown spectre_v1 spectre_v2 spec_store_bypass
bogomips	: 6984.17
clflush size	: 64
cache_alignment	: 64
address sizes	: 36 bits physical, 48 bits virtual
power management:



Memory: 4k page, physical 4451584k(144740k free), swap 1003516k(518880k free)

vm_info: OpenJDK 64-Bit Server VM (25.171-b11) for linux-amd64 JRE (1.8.0_171-8u171-b11-0ubuntu0.16.04.1-b11), built on Apr 27 2018 17:19:03 by "buildd" with gcc 5.4.0 20160609

time: Tue Aug  7 15:14:28 2018
elapsed time: 0 seconds (0d 0h 0m 0s)

