#
# There is insufficient memory for the Java Runtime Environment to continue.
# Native memory allocation (mmap) failed to map 1798569984 bytes for committing reserved memory.
# Possible reasons:
#   The system is out of physical RAM or swap space
#   In 32 bit mode, the process size limit was hit
# Possible solutions:
#   Reduce memory load on the system
#   Increase physical memory or swap space
#   Check if swap backing store is full
#   Use 64 bit Java on a 64 bit OS
#   Decrease Java heap size (-Xmx/-Xms)
#   Decrease number of Java threads
#   Decrease Java thread stack sizes (-Xss)
#   Set larger code cache with -XX:ReservedCodeCacheSize=
# This output file may be truncated or incomplete.
#
#  Out of Memory Error (os_linux.cpp:2643), pid=4434, tid=0x00007f6126b77700
#
# JRE version:  (8.0_171-b11) (build )
# Java VM: OpenJDK 64-Bit Server VM (25.171-b11 mixed mode linux-amd64 compressed oops)
# Failed to write core dump. Core dumps have been disabled. To enable core dumping, try "ulimit -c unlimited" before starting Java again
#

---------------  T H R E A D  ---------------

Current thread (0x00007f612000c000):  JavaThread "Unknown thread" [_thread_in_vm, id=4440, stack(0x00007f6126b37000,0x00007f6126b78000)]

Stack: [0x00007f6126b37000,0x00007f6126b78000],  sp=0x00007f6126b76530,  free space=253k
Native frames: (J=compiled Java code, j=interpreted, Vv=VM code, C=native code)
V  [libjvm.so+0xa6db9b]
V  [libjvm.so+0x4c694c]
V  [libjvm.so+0x8ba818]
V  [libjvm.so+0x8b4bae]
V  [libjvm.so+0xa6a484]
V  [libjvm.so+0x5cc830]
V  [libjvm.so+0x4a4f3d]
V  [libjvm.so+0x5cd699]
V  [libjvm.so+0x5b980f]
V  [libjvm.so+0xa310f9]
V  [libjvm.so+0xa31342]
V  [libjvm.so+0x61133f]
V  [libjvm.so+0xa166ea]
V  [libjvm.so+0x68b8c2]  JNI_CreateJavaVM+0x62
C  [libjli.so+0x2f2e]
C  [libjli.so+0x74ad]
C  [libpthread.so.0+0x76ba]  start_thread+0xca


---------------  P R O C E S S  ---------------

Java Threads: ( => current thread )

Other Threads:

=>0x00007f612000c000 (exited) JavaThread "Unknown thread" [_thread_in_vm, id=4440, stack(0x00007f6126b37000,0x00007f6126b78000)]

VM state:not at safepoint (not fully initialized)

VM Mutex/Monitor currently owned by a thread: None

GC Heap History (0 events):
No events

Deoptimization events (0 events):
No events

Classes redefined (0 events):
No events

Internal exceptions (0 events):
No events

Events (0 events):
No events


Dynamic libraries:
00400000-00401000 r-xp 00000000 fc:00 1848810                            /usr/lib/jvm/java-8-openjdk-amd64/jre/bin/java
00600000-00601000 r--p 00000000 fc:00 1848810                            /usr/lib/jvm/java-8-openjdk-amd64/jre/bin/java
00601000-00602000 rw-p 00001000 fc:00 1848810                            /usr/lib/jvm/java-8-openjdk-amd64/jre/bin/java
0067a000-006b9000 rw-p 00000000 00:00 0                                  [heap]
80000000-94cc0000 rw-p 00000000 00:00 0 
7f60f8000000-7f60f8021000 rw-p 00000000 00:00 0 
7f60f8021000-7f60fc000000 ---p 00000000 00:00 0 
7f6100000000-7f6100021000 rw-p 00000000 00:00 0 
7f6100021000-7f6104000000 ---p 00000000 00:00 0 
7f6104000000-7f6104021000 rw-p 00000000 00:00 0 
7f6104021000-7f6108000000 ---p 00000000 00:00 0 
7f6108000000-7f6108021000 rw-p 00000000 00:00 0 
7f6108021000-7f610c000000 ---p 00000000 00:00 0 
7f610f5c1000-7f610fa6c000 rw-p 00000000 00:00 0 
7f610fa6c000-7f610fdc5000 ---p 00000000 00:00 0 
7f610fdc5000-7f610fdc6000 rw-p 00000000 00:00 0 
7f610fdc6000-7f610fdc7000 ---p 00000000 00:00 0 
7f610fdc7000-7f610fec7000 rw-p 00000000 00:00 0 
7f610fec7000-7f610fec8000 ---p 00000000 00:00 0 
7f610fec8000-7f610ffd2000 rw-p 00000000 00:00 0 
7f610ffd2000-7f6110388000 ---p 00000000 00:00 0 
7f6110388000-7f61105f8000 rwxp 00000000 00:00 0 
7f61105f8000-7f611f388000 ---p 00000000 00:00 0 
7f611f388000-7f611f390000 r-xp 00000000 fc:00 1848849                    /usr/lib/jvm/java-8-openjdk-amd64/jre/lib/amd64/libzip.so
7f611f390000-7f611f58f000 ---p 00008000 fc:00 1848849                    /usr/lib/jvm/java-8-openjdk-amd64/jre/lib/amd64/libzip.so
7f611f58f000-7f611f590000 r--p 00007000 fc:00 1848849                    /usr/lib/jvm/java-8-openjdk-amd64/jre/lib/amd64/libzip.so
7f611f590000-7f611f591000 rw-p 00008000 fc:00 1848849                    /usr/lib/jvm/java-8-openjdk-amd64/jre/lib/amd64/libzip.so
7f611f591000-7f611f59c000 r-xp 00000000 fc:00 3670581                    /lib/x86_64-linux-gnu/libnss_files-2.23.so
7f611f59c000-7f611f79b000 ---p 0000b000 fc:00 3670581                    /lib/x86_64-linux-gnu/libnss_files-2.23.so
7f611f79b000-7f611f79c000 r--p 0000a000 fc:00 3670581                    /lib/x86_64-linux-gnu/libnss_files-2.23.so
7f611f79c000-7f611f79d000 rw-p 0000b000 fc:00 3670581                    /lib/x86_64-linux-gnu/libnss_files-2.23.so
7f611f79d000-7f611f7a3000 rw-p 00000000 00:00 0 
7f611f7a3000-7f611f7ae000 r-xp 00000000 fc:00 3670585                    /lib/x86_64-linux-gnu/libnss_nis-2.23.so
7f611f7ae000-7f611f9ad000 ---p 0000b000 fc:00 3670585                    /lib/x86_64-linux-gnu/libnss_nis-2.23.so
7f611f9ad000-7f611f9ae000 r--p 0000a000 fc:00 3670585                    /lib/x86_64-linux-gnu/libnss_nis-2.23.so
7f611f9ae000-7f611f9af000 rw-p 0000b000 fc:00 3670585                    /lib/x86_64-linux-gnu/libnss_nis-2.23.so
7f611f9af000-7f611f9c5000 r-xp 00000000 fc:00 3670575                    /lib/x86_64-linux-gnu/libnsl-2.23.so
7f611f9c5000-7f611fbc4000 ---p 00016000 fc:00 3670575                    /lib/x86_64-linux-gnu/libnsl-2.23.so
7f611fbc4000-7f611fbc5000 r--p 00015000 fc:00 3670575                    /lib/x86_64-linux-gnu/libnsl-2.23.so
7f611fbc5000-7f611fbc6000 rw-p 00016000 fc:00 3670575                    /lib/x86_64-linux-gnu/libnsl-2.23.so
7f611fbc6000-7f611fbc8000 rw-p 00000000 00:00 0 
7f611fbc8000-7f611fbd0000 r-xp 00000000 fc:00 3670577                    /lib/x86_64-linux-gnu/libnss_compat-2.23.so
7f611fbd0000-7f611fdcf000 ---p 00008000 fc:00 3670577                    /lib/x86_64-linux-gnu/libnss_compat-2.23.so
7f611fdcf000-7f611fdd0000 r--p 00007000 fc:00 3670577                    /lib/x86_64-linux-gnu/libnss_compat-2.23.so
7f611fdd0000-7f611fdd1000 rw-p 00008000 fc:00 3670577                    /lib/x86_64-linux-gnu/libnss_compat-2.23.so
7f611fdd1000-7f611fdfe000 r-xp 00000000 fc:00 1848840                    /usr/lib/jvm/java-8-openjdk-amd64/jre/lib/amd64/libjava.so
7f611fdfe000-7f611fffd000 ---p 0002d000 fc:00 1848840                    /usr/lib/jvm/java-8-openjdk-amd64/jre/lib/amd64/libjava.so
7f611fffd000-7f611fffe000 r--p 0002c000 fc:00 1848840                    /usr/lib/jvm/java-8-openjdk-amd64/jre/lib/amd64/libjava.so
7f611fffe000-7f6120000000 rw-p 0002d000 fc:00 1848840                    /usr/lib/jvm/java-8-openjdk-amd64/jre/lib/amd64/libjava.so
7f6120000000-7f612003c000 rw-p 00000000 00:00 0 
7f612003c000-7f6124000000 ---p 00000000 00:00 0 
7f612405d000-7f612405e000 ---p 00000000 00:00 0 
7f612405e000-7f612415e000 rw-p 00000000 00:00 0 
7f612415e000-7f612416d000 r-xp 00000000 fc:00 1848826                    /usr/lib/jvm/java-8-openjdk-amd64/jre/lib/amd64/libverify.so
7f612416d000-7f612436c000 ---p 0000f000 fc:00 1848826                    /usr/lib/jvm/java-8-openjdk-amd64/jre/lib/amd64/libverify.so
7f612436c000-7f612436e000 r--p 0000e000 fc:00 1848826                    /usr/lib/jvm/java-8-openjdk-amd64/jre/lib/amd64/libverify.so
7f612436e000-7f612436f000 rw-p 00010000 fc:00 1848826                    /usr/lib/jvm/java-8-openjdk-amd64/jre/lib/amd64/libverify.so
7f612436f000-7f6124376000 r-xp 00000000 fc:00 3670610                    /lib/x86_64-linux-gnu/librt-2.23.so
7f6124376000-7f6124575000 ---p 00007000 fc:00 3670610                    /lib/x86_64-linux-gnu/librt-2.23.so
7f6124575000-7f6124576000 r--p 00006000 fc:00 3670610                    /lib/x86_64-linux-gnu/librt-2.23.so
7f6124576000-7f6124577000 rw-p 00007000 fc:00 3670610                    /lib/x86_64-linux-gnu/librt-2.23.so
7f6124577000-7f612458d000 r-xp 00000000 fc:00 3670543                    /lib/x86_64-linux-gnu/libgcc_s.so.1
7f612458d000-7f612478c000 ---p 00016000 fc:00 3670543                    /lib/x86_64-linux-gnu/libgcc_s.so.1
7f612478c000-7f612478d000 rw-p 00015000 fc:00 3670543                    /lib/x86_64-linux-gnu/libgcc_s.so.1
7f612478d000-7f6124895000 r-xp 00000000 fc:00 3670558                    /lib/x86_64-linux-gnu/libm-2.23.so
7f6124895000-7f6124a94000 ---p 00108000 fc:00 3670558                    /lib/x86_64-linux-gnu/libm-2.23.so
7f6124a94000-7f6124a95000 r--p 00107000 fc:00 3670558                    /lib/x86_64-linux-gnu/libm-2.23.so
7f6124a95000-7f6124a96000 rw-p 00108000 fc:00 3670558                    /lib/x86_64-linux-gnu/libm-2.23.so
7f6124a96000-7f6124c08000 r-xp 00000000 fc:00 1837577                    /usr/lib/x86_64-linux-gnu/libstdc++.so.6.0.21
7f6124c08000-7f6124e08000 ---p 00172000 fc:00 1837577                    /usr/lib/x86_64-linux-gnu/libstdc++.so.6.0.21
7f6124e08000-7f6124e12000 r--p 00172000 fc:00 1837577                    /usr/lib/x86_64-linux-gnu/libstdc++.so.6.0.21
7f6124e12000-7f6124e14000 rw-p 0017c000 fc:00 1837577                    /usr/lib/x86_64-linux-gnu/libstdc++.so.6.0.21
7f6124e14000-7f6124e18000 rw-p 00000000 00:00 0 
7f6124e18000-7f6125a71000 r-xp 00000000 fc:00 1848853                    /usr/lib/jvm/java-8-openjdk-amd64/jre/lib/amd64/server/libjvm.so
7f6125a71000-7f6125c71000 ---p 00c59000 fc:00 1848853                    /usr/lib/jvm/java-8-openjdk-amd64/jre/lib/amd64/server/libjvm.so
7f6125c71000-7f6125d04000 r--p 00c59000 fc:00 1848853                    /usr/lib/jvm/java-8-openjdk-amd64/jre/lib/amd64/server/libjvm.so
7f6125d04000-7f6125d2d000 rw-p 00cec000 fc:00 1848853                    /usr/lib/jvm/java-8-openjdk-amd64/jre/lib/amd64/server/libjvm.so
7f6125d2d000-7f6125d5d000 rw-p 00000000 00:00 0 
7f6125d5d000-7f6125d75000 r-xp 00000000 fc:00 3670604                    /lib/x86_64-linux-gnu/libpthread-2.23.so
7f6125d75000-7f6125f74000 ---p 00018000 fc:00 3670604                    /lib/x86_64-linux-gnu/libpthread-2.23.so
7f6125f74000-7f6125f75000 r--p 00017000 fc:00 3670604                    /lib/x86_64-linux-gnu/libpthread-2.23.so
7f6125f75000-7f6125f76000 rw-p 00018000 fc:00 3670604                    /lib/x86_64-linux-gnu/libpthread-2.23.so
7f6125f76000-7f6125f7a000 rw-p 00000000 00:00 0 
7f6125f7a000-7f6125f7d000 r-xp 00000000 fc:00 3670531                    /lib/x86_64-linux-gnu/libdl-2.23.so
7f6125f7d000-7f612617c000 ---p 00003000 fc:00 3670531                    /lib/x86_64-linux-gnu/libdl-2.23.so
7f612617c000-7f612617d000 r--p 00002000 fc:00 3670531                    /lib/x86_64-linux-gnu/libdl-2.23.so
7f612617d000-7f612617e000 rw-p 00003000 fc:00 3670531                    /lib/x86_64-linux-gnu/libdl-2.23.so
7f612617e000-7f6126197000 r-xp 00000000 fc:00 3670640                    /lib/x86_64-linux-gnu/libz.so.1.2.8
7f6126197000-7f6126396000 ---p 00019000 fc:00 3670640                    /lib/x86_64-linux-gnu/libz.so.1.2.8
7f6126396000-7f6126397000 r--p 00018000 fc:00 3670640                    /lib/x86_64-linux-gnu/libz.so.1.2.8
7f6126397000-7f6126398000 rw-p 00019000 fc:00 3670640                    /lib/x86_64-linux-gnu/libz.so.1.2.8
7f6126398000-7f6126558000 r-xp 00000000 fc:00 3670517                    /lib/x86_64-linux-gnu/libc-2.23.so
7f6126558000-7f6126758000 ---p 001c0000 fc:00 3670517                    /lib/x86_64-linux-gnu/libc-2.23.so
7f6126758000-7f612675c000 r--p 001c0000 fc:00 3670517                    /lib/x86_64-linux-gnu/libc-2.23.so
7f612675c000-7f612675e000 rw-p 001c4000 fc:00 3670517                    /lib/x86_64-linux-gnu/libc-2.23.so
7f612675e000-7f6126762000 rw-p 00000000 00:00 0 
7f6126762000-7f612676f000 r-xp 00000000 fc:00 1848850                    /usr/lib/jvm/java-8-openjdk-amd64/jre/lib/amd64/jli/libjli.so
7f612676f000-7f612696f000 ---p 0000d000 fc:00 1848850                    /usr/lib/jvm/java-8-openjdk-amd64/jre/lib/amd64/jli/libjli.so
7f612696f000-7f6126970000 r--p 0000d000 fc:00 1848850                    /usr/lib/jvm/java-8-openjdk-amd64/jre/lib/amd64/jli/libjli.so
7f6126970000-7f6126971000 rw-p 0000e000 fc:00 1848850                    /usr/lib/jvm/java-8-openjdk-amd64/jre/lib/amd64/jli/libjli.so
7f6126971000-7f6126997000 r-xp 00000000 fc:00 3670493                    /lib/x86_64-linux-gnu/ld-2.23.so
7f6126a36000-7f6126a37000 ---p 00000000 00:00 0 
7f6126a37000-7f6126b37000 rw-p 00000000 00:00 0 
7f6126b37000-7f6126b3a000 ---p 00000000 00:00 0 
7f6126b3a000-7f6126b7c000 rw-p 00000000 00:00 0 
7f6126b8b000-7f6126b93000 rw-s 00000000 fc:00 5513040                    /tmp/hsperfdata_vagrant/4434
7f6126b93000-7f6126b94000 rw-p 00000000 00:00 0 
7f6126b94000-7f6126b95000 r--p 00000000 00:00 0 
7f6126b95000-7f6126b96000 rw-p 00000000 00:00 0 
7f6126b96000-7f6126b97000 r--p 00025000 fc:00 3670493                    /lib/x86_64-linux-gnu/ld-2.23.so
7f6126b97000-7f6126b98000 rw-p 00026000 fc:00 3670493                    /lib/x86_64-linux-gnu/ld-2.23.so
7f6126b98000-7f6126b99000 rw-p 00000000 00:00 0 
7ffd71115000-7ffd71136000 rw-p 00000000 00:00 0                          [stack]
7ffd71149000-7ffd7114c000 r--p 00000000 00:00 0                          [vvar]
7ffd7114c000-7ffd7114e000 r-xp 00000000 00:00 0                          [vdso]
ffffffffff600000-ffffffffff601000 r-xp 00000000 00:00 0                  [vsyscall]

VM Arguments:
jvm_args: -Xms2g -Xmx2g -Xss256k -Djava.awt.headless=true -XX:+UseParNewGC -XX:+UseConcMarkSweepGC -XX:CMSInitiatingOccupancyFraction=75 -XX:+UseCMSInitiatingOccupancyOnly -XX:+HeapDumpOnOutOfMemoryError -XX:+DisableExplicitGC -Dfile.encoding=UTF-8 -Delasticsearch -Des.foreground=yes -Des.path.home=/home/vagrant/youtube-scraper/linkurious-linux/system/elasticsearch 
java_command: org.elasticsearch.bootstrap.Elasticsearch
java_class_path (initial): :/home/vagrant/youtube-scraper/linkurious-linux/system/elasticsearch/lib/elasticsearch-1.4.5.jar:/home/vagrant/youtube-scraper/linkurious-linux/system/elasticsearch/lib/lucene-misc-4.10.4.jar:/home/vagrant/youtube-scraper/linkurious-linux/system/elasticsearch/lib/spatial4j-0.4.1.jar:/home/vagrant/youtube-scraper/linkurious-linux/system/elasticsearch/lib/lucene-grouping-4.10.4.jar:/home/vagrant/youtube-scraper/linkurious-linux/system/elasticsearch/lib/lucene-join-4.10.4.jar:/home/vagrant/youtube-scraper/linkurious-linux/system/elasticsearch/lib/lucene-analyzers-common-4.10.4.jar:/home/vagrant/youtube-scraper/linkurious-linux/system/elasticsearch/lib/asm-commons-4.1.jar:/home/vagrant/youtube-scraper/linkurious-linux/system/elasticsearch/lib/lucene-core-4.10.4.jar:/home/vagrant/youtube-scraper/linkurious-linux/system/elasticsearch/lib/elasticsearch-1.4.5.jar:/home/vagrant/youtube-scraper/linkurious-linux/system/elasticsearch/lib/lucene-memory-4.10.4.jar:/home/vagrant/youtube-scraper/linkurious-linux/system/elasticsearch/lib/lucene-sandbox-4.10.4.jar:/home/vagrant/youtube-scraper/linkurious-linux/system/elasticsearch/lib/lucene-spatial-4.10.4.jar:/home/vagrant/youtube-scraper/linkurious-linux/system/elasticsearch/lib/lucene-highlighter-4.10.4.jar:/home/vagrant/youtube-scraper/linkurious-linux/system/elasticsearch/lib/antlr-runtime-3.5.jar:/home/vagrant/youtube-scraper/linkurious-linux/system/elasticsearch/lib/jts-1.13.jar:/home/vagrant/youtube-scraper/linkurious-linux/system/elasticsearch/lib/lucene-expressions-4.10.4.jar:/home/vagrant/youtube-scraper/linkurious-linux/system/elasticsearch/lib/asm-4.1.jar:/home/vagrant/youtube-scraper/linkurious-linux/system/elasticsearch/lib/groovy-all-2.3.2.jar:/home/vagrant/youtube-scraper/linkurious-linux/system/elasticsearch/lib/jna-4.1.0.jar:/home/vagrant/youtube-scraper/linkurious-linux/system/elasticsearch/lib/log4j-1.2.17.jar:/home/vagrant/youtube-scraper/linkurious-linux/system/elasticsearch/lib/luc
Launcher Type: SUN_STANDARD

Environment Variables:
JAVA_HOME=/usr

Signal Handlers:
SIGSEGV: [libjvm.so+0xa6e6f0], sa_mask[0]=11111111011111111101111111111110, sa_flags=SA_RESTART|SA_SIGINFO
SIGBUS: [libjvm.so+0xa6e6f0], sa_mask[0]=11111111011111111101111111111110, sa_flags=SA_RESTART|SA_SIGINFO
SIGFPE: [libjvm.so+0x8b5d50], sa_mask[0]=11111111011111111101111111111110, sa_flags=SA_RESTART|SA_SIGINFO
SIGPIPE: [libjvm.so+0x8b5d50], sa_mask[0]=11111111011111111101111111111110, sa_flags=SA_RESTART|SA_SIGINFO
SIGXFSZ: [libjvm.so+0x8b5d50], sa_mask[0]=11111111011111111101111111111110, sa_flags=SA_RESTART|SA_SIGINFO
SIGILL: [libjvm.so+0x8b5d50], sa_mask[0]=11111111011111111101111111111110, sa_flags=SA_RESTART|SA_SIGINFO
SIGUSR1: SIG_DFL, sa_mask[0]=00000000000000000000000000000000, sa_flags=none
SIGUSR2: [libjvm.so+0x8b5c00], sa_mask[0]=00000000000000000000000000000000, sa_flags=SA_RESTART|SA_SIGINFO
SIGHUP: SIG_DFL, sa_mask[0]=00000000000000000000000000000000, sa_flags=none
SIGINT: SIG_DFL, sa_mask[0]=00000000000000000000000000000000, sa_flags=none
SIGTERM: SIG_DFL, sa_mask[0]=00000000000000000000000000000000, sa_flags=none
SIGQUIT: SIG_DFL, sa_mask[0]=00000000000000000000000000000000, sa_flags=none


---------------  S Y S T E M  ---------------

OS:DISTRIB_ID=Ubuntu
DISTRIB_RELEASE=16.04
DISTRIB_CODENAME=xenial
DISTRIB_DESCRIPTION="Ubuntu 16.04.4 LTS"

uname:Linux 4.4.0-130-generic #156-Ubuntu SMP Thu Jun 14 08:53:28 UTC 2018 x86_64
libc:glibc 2.23 NPTL 2.23 
rlimit: STACK 8192k, CORE 0k, NPROC 17215, NOFILE 1048576, AS infinity
load average:0.47 1.13 0.60

/proc/meminfo:
MemTotal:        4451584 kB
MemFree:          145388 kB
MemAvailable:     125612 kB
Buffers:           15880 kB
Cached:           283964 kB
SwapCached:        16492 kB
Active:          2947236 kB
Inactive:        1182020 kB
Active(anon):    2890548 kB
Inactive(anon):  1070028 kB
Active(file):      56688 kB
Inactive(file):   111992 kB
Unevictable:        3684 kB
Mlocked:            3684 kB
SwapTotal:       1003516 kB
SwapFree:         518824 kB
Dirty:               172 kB
Writeback:             0 kB
AnonPages:       3825268 kB
Mapped:           230656 kB
Shmem:            128736 kB
Slab:              66572 kB
SReclaimable:      32316 kB
SUnreclaim:        34256 kB
KernelStack:       11520 kB
PageTables:        47736 kB
NFS_Unstable:          0 kB
Bounce:                0 kB
WritebackTmp:          0 kB
CommitLimit:     3229308 kB
Committed_AS:    8774936 kB
VmallocTotal:   34359738367 kB
VmallocUsed:           0 kB
VmallocChunk:          0 kB
HardwareCorrupted:     0 kB
AnonHugePages:         0 kB
CmaTotal:              0 kB
CmaFree:               0 kB
HugePages_Total:       0
HugePages_Free:        0
HugePages_Rsvd:        0
HugePages_Surp:        0
Hugepagesize:       2048 kB
DirectMap4k:      116672 kB
DirectMap2M:     4491264 kB


CPU:total 4 (initial active 4) (4 cores per cpu, 1 threads per core) family 6 model 58 stepping 9, cmov, cx8, fxsr, mmx, sse, sse2, sse3, ssse3, sse4.1, sse4.2, popcnt, avx, aes, clmul, tsc, tscinvbit, tscinv

/proc/cpuinfo:
processor	: 0
vendor_id	: GenuineIntel
cpu family	: 6
model		: 58
model name	: Intel(R) Xeon(R) CPU E3-1270 V2 @ 3.50GHz
stepping	: 9
microcode	: 0x19
cpu MHz		: 3492.086
cache size	: 8192 KB
physical id	: 0
siblings	: 4
core id		: 0
cpu cores	: 4
apicid		: 0
initial apicid	: 0
fpu		: yes
fpu_exception	: yes
cpuid level	: 13
wp		: yes
flags		: fpu vme de pse tsc msr pae mce cx8 apic sep mtrr pge mca cmov pat pse36 clflush mmx fxsr sse sse2 ht syscall nx rdtscp lm constant_tsc rep_good nopl xtopology nonstop_tsc eagerfpu pni pclmulqdq ssse3 cx16 sse4_1 sse4_2 x2apic popcnt aes xsave avx rdrand hypervisor lahf_lm kaiser
bugs		: cpu_meltdown spectre_v1 spectre_v2 spec_store_bypass
bogomips	: 6984.17
clflush size	: 64
cache_alignment	: 64
address sizes	: 36 bits physical, 48 bits virtual
power management:

processor	: 1
vendor_id	: GenuineIntel
cpu family	: 6
model		: 58
model name	: Intel(R) Xeon(R) CPU E3-1270 V2 @ 3.50GHz
stepping	: 9
microcode	: 0x19
cpu MHz		: 3492.086
cache size	: 8192 KB
physical id	: 0
siblings	: 4
core id		: 1
cpu cores	: 4
apicid		: 1
initial apicid	: 1
fpu		: yes
fpu_exception	: yes
cpuid level	: 13
wp		: yes
flags		: fpu vme de pse tsc msr pae mce cx8 apic sep mtrr pge mca cmov pat pse36 clflush mmx fxsr sse sse2 ht syscall nx rdtscp lm constant_tsc rep_good nopl xtopology nonstop_tsc eagerfpu pni pclmulqdq ssse3 cx16 sse4_1 sse4_2 x2apic popcnt aes xsave avx rdrand hypervisor lahf_lm kaiser
bugs		: cpu_meltdown spectre_v1 spectre_v2 spec_store_bypass
bogomips	: 6984.17
clflush size	: 64
cache_alignment	: 64
address sizes	: 36 bits physical, 48 bits virtual
power management:

processor	: 2
vendor_id	: GenuineIntel
cpu family	: 6
model		: 58
model name	: Intel(R) Xeon(R) CPU E3-1270 V2 @ 3.50GHz
stepping	: 9
microcode	: 0x19
cpu MHz		: 3492.086
cache size	: 8192 KB
physical id	: 0
siblings	: 4
core id		: 2
cpu cores	: 4
apicid		: 2
initial apicid	: 2
fpu		: yes
fpu_exception	: yes
cpuid level	: 13
wp		: yes
flags		: fpu vme de pse tsc msr pae mce cx8 apic sep mtrr pge mca cmov pat pse36 clflush mmx fxsr sse sse2 ht syscall nx rdtscp lm constant_tsc rep_good nopl xtopology nonstop_tsc eagerfpu pni pclmulqdq ssse3 cx16 sse4_1 sse4_2 x2apic popcnt aes xsave avx rdrand hypervisor lahf_lm kaiser
bugs		: cpu_meltdown spectre_v1 spectre_v2 spec_store_bypass
bogomips	: 6984.17
clflush size	: 64
cache_alignment	: 64
address sizes	: 36 bits physical, 48 bits virtual
power management:

processor	: 3
vendor_id	: GenuineIntel
cpu family	: 6
model		: 58
model name	: Intel(R) Xeon(R) CPU E3-1270 V2 @ 3.50GHz
stepping	: 9
microcode	: 0x19
cpu MHz		: 3492.086
cache size	: 8192 KB
physical id	: 0
siblings	: 4
core id		: 3
cpu cores	: 4
apicid		: 3
initial apicid	: 3
fpu		: yes
fpu_exception	: yes
cpuid level	: 13
wp		: yes
flags		: fpu vme de pse tsc msr pae mce cx8 apic sep mtrr pge mca cmov pat pse36 clflush mmx fxsr sse sse2 ht syscall nx rdtscp lm constant_tsc rep_good nopl xtopology nonstop_tsc eagerfpu pni pclmulqdq ssse3 cx16 sse4_1 sse4_2 x2apic popcnt aes xsave avx rdrand hypervisor lahf_lm kaiser
bugs		: cpu_meltdown spectre_v1 spectre_v2 spec_store_bypass
bogomips	: 6984.17
clflush size	: 64
cache_alignment	: 64
address sizes	: 36 bits physical, 48 bits virtual
power management:



Memory: 4k page, physical 4451584k(145388k free), swap 1003516k(518824k free)

vm_info: OpenJDK 64-Bit Server VM (25.171-b11) for linux-amd64 JRE (1.8.0_171-8u171-b11-0ubuntu0.16.04.1-b11), built on Apr 27 2018 17:19:03 by "buildd" with gcc 5.4.0 20160609

time: Tue Aug  7 15:13:37 2018
elapsed time: 0 seconds (0d 0h 0m 0s)

