#
# There is insufficient memory for the Java Runtime Environment to continue.
# Native memory allocation (mmap) failed to map 1798569984 bytes for committing reserved memory.
# Possible reasons:
#   The system is out of physical RAM or swap space
#   In 32 bit mode, the process size limit was hit
# Possible solutions:
#   Reduce memory load on the system
#   Increase physical memory or swap space
#   Check if swap backing store is full
#   Use 64 bit Java on a 64 bit OS
#   Decrease Java heap size (-Xmx/-Xms)
#   Decrease number of Java threads
#   Decrease Java thread stack sizes (-Xss)
#   Set larger code cache with -XX:ReservedCodeCacheSize=
# This output file may be truncated or incomplete.
#
#  Out of Memory Error (os_linux.cpp:2643), pid=4202, tid=0x00007fe24e673700
#
# JRE version:  (8.0_171-b11) (build )
# Java VM: OpenJDK 64-Bit Server VM (25.171-b11 mixed mode linux-amd64 compressed oops)
# Failed to write core dump. Core dumps have been disabled. To enable core dumping, try "ulimit -c unlimited" before starting Java again
#

---------------  T H R E A D  ---------------

Current thread (0x00007fe24800c000):  JavaThread "Unknown thread" [_thread_in_vm, id=4208, stack(0x00007fe24e633000,0x00007fe24e674000)]

Stack: [0x00007fe24e633000,0x00007fe24e674000],  sp=0x00007fe24e672530,  free space=253k
Native frames: (J=compiled Java code, j=interpreted, Vv=VM code, C=native code)
V  [libjvm.so+0xa6db9b]
V  [libjvm.so+0x4c694c]
V  [libjvm.so+0x8ba818]
V  [libjvm.so+0x8b4bae]
V  [libjvm.so+0xa6a484]
V  [libjvm.so+0x5cc830]
V  [libjvm.so+0x4a4f3d]
V  [libjvm.so+0x5cd699]
V  [libjvm.so+0x5b980f]
V  [libjvm.so+0xa310f9]
V  [libjvm.so+0xa31342]
V  [libjvm.so+0x61133f]
V  [libjvm.so+0xa166ea]
V  [libjvm.so+0x68b8c2]  JNI_CreateJavaVM+0x62
C  [libjli.so+0x2f2e]
C  [libjli.so+0x74ad]
C  [libpthread.so.0+0x76ba]  start_thread+0xca


---------------  P R O C E S S  ---------------

Java Threads: ( => current thread )

Other Threads:

=>0x00007fe24800c000 (exited) JavaThread "Unknown thread" [_thread_in_vm, id=4208, stack(0x00007fe24e633000,0x00007fe24e674000)]

VM state:not at safepoint (not fully initialized)

VM Mutex/Monitor currently owned by a thread: None

GC Heap History (0 events):
No events

Deoptimization events (0 events):
No events

Classes redefined (0 events):
No events

Internal exceptions (0 events):
No events

Events (0 events):
No events


Dynamic libraries:
00400000-00401000 r-xp 00000000 fc:00 1848810                            /usr/lib/jvm/java-8-openjdk-amd64/jre/bin/java
00600000-00601000 r--p 00000000 fc:00 1848810                            /usr/lib/jvm/java-8-openjdk-amd64/jre/bin/java
00601000-00602000 rw-p 00001000 fc:00 1848810                            /usr/lib/jvm/java-8-openjdk-amd64/jre/bin/java
023c3000-02402000 rw-p 00000000 00:00 0                                  [heap]
80000000-94cc0000 rw-p 00000000 00:00 0 
7fe220000000-7fe220021000 rw-p 00000000 00:00 0 
7fe220021000-7fe224000000 ---p 00000000 00:00 0 
7fe228000000-7fe228021000 rw-p 00000000 00:00 0 
7fe228021000-7fe22c000000 ---p 00000000 00:00 0 
7fe22c000000-7fe22c021000 rw-p 00000000 00:00 0 
7fe22c021000-7fe230000000 ---p 00000000 00:00 0 
7fe230000000-7fe230021000 rw-p 00000000 00:00 0 
7fe230021000-7fe234000000 ---p 00000000 00:00 0 
7fe2370a7000-7fe237552000 rw-p 00000000 00:00 0 
7fe237552000-7fe2378ab000 ---p 00000000 00:00 0 
7fe2378ab000-7fe2378ac000 rw-p 00000000 00:00 0 
7fe2378ac000-7fe2378ad000 ---p 00000000 00:00 0 
7fe2378ad000-7fe2379ad000 rw-p 00000000 00:00 0 
7fe2379ad000-7fe2379ae000 ---p 00000000 00:00 0 
7fe2379ae000-7fe237aae000 rw-p 00000000 00:00 0 
7fe237aae000-7fe237aaf000 ---p 00000000 00:00 0 
7fe237aaf000-7fe237bb9000 rw-p 00000000 00:00 0 
7fe237bb9000-7fe237f6f000 ---p 00000000 00:00 0 
7fe237f6f000-7fe2381df000 rwxp 00000000 00:00 0 
7fe2381df000-7fe246f6f000 ---p 00000000 00:00 0 
7fe246f6f000-7fe246f77000 r-xp 00000000 fc:00 1848849                    /usr/lib/jvm/java-8-openjdk-amd64/jre/lib/amd64/libzip.so
7fe246f77000-7fe247176000 ---p 00008000 fc:00 1848849                    /usr/lib/jvm/java-8-openjdk-amd64/jre/lib/amd64/libzip.so
7fe247176000-7fe247177000 r--p 00007000 fc:00 1848849                    /usr/lib/jvm/java-8-openjdk-amd64/jre/lib/amd64/libzip.so
7fe247177000-7fe247178000 rw-p 00008000 fc:00 1848849                    /usr/lib/jvm/java-8-openjdk-amd64/jre/lib/amd64/libzip.so
7fe247178000-7fe247183000 r-xp 00000000 fc:00 3670581                    /lib/x86_64-linux-gnu/libnss_files-2.23.so
7fe247183000-7fe247382000 ---p 0000b000 fc:00 3670581                    /lib/x86_64-linux-gnu/libnss_files-2.23.so
7fe247382000-7fe247383000 r--p 0000a000 fc:00 3670581                    /lib/x86_64-linux-gnu/libnss_files-2.23.so
7fe247383000-7fe247384000 rw-p 0000b000 fc:00 3670581                    /lib/x86_64-linux-gnu/libnss_files-2.23.so
7fe247384000-7fe24738a000 rw-p 00000000 00:00 0 
7fe24738a000-7fe247395000 r-xp 00000000 fc:00 3670585                    /lib/x86_64-linux-gnu/libnss_nis-2.23.so
7fe247395000-7fe247594000 ---p 0000b000 fc:00 3670585                    /lib/x86_64-linux-gnu/libnss_nis-2.23.so
7fe247594000-7fe247595000 r--p 0000a000 fc:00 3670585                    /lib/x86_64-linux-gnu/libnss_nis-2.23.so
7fe247595000-7fe247596000 rw-p 0000b000 fc:00 3670585                    /lib/x86_64-linux-gnu/libnss_nis-2.23.so
7fe247596000-7fe2475ac000 r-xp 00000000 fc:00 3670575                    /lib/x86_64-linux-gnu/libnsl-2.23.so
7fe2475ac000-7fe2477ab000 ---p 00016000 fc:00 3670575                    /lib/x86_64-linux-gnu/libnsl-2.23.so
7fe2477ab000-7fe2477ac000 r--p 00015000 fc:00 3670575                    /lib/x86_64-linux-gnu/libnsl-2.23.so
7fe2477ac000-7fe2477ad000 rw-p 00016000 fc:00 3670575                    /lib/x86_64-linux-gnu/libnsl-2.23.so
7fe2477ad000-7fe2477af000 rw-p 00000000 00:00 0 
7fe2477af000-7fe2477b7000 r-xp 00000000 fc:00 3670577                    /lib/x86_64-linux-gnu/libnss_compat-2.23.so
7fe2477b7000-7fe2479b6000 ---p 00008000 fc:00 3670577                    /lib/x86_64-linux-gnu/libnss_compat-2.23.so
7fe2479b6000-7fe2479b7000 r--p 00007000 fc:00 3670577                    /lib/x86_64-linux-gnu/libnss_compat-2.23.so
7fe2479b7000-7fe2479b8000 rw-p 00008000 fc:00 3670577                    /lib/x86_64-linux-gnu/libnss_compat-2.23.so
7fe2479b8000-7fe2479e5000 r-xp 00000000 fc:00 1848840                    /usr/lib/jvm/java-8-openjdk-amd64/jre/lib/amd64/libjava.so
7fe2479e5000-7fe247be4000 ---p 0002d000 fc:00 1848840                    /usr/lib/jvm/java-8-openjdk-amd64/jre/lib/amd64/libjava.so
7fe247be4000-7fe247be5000 r--p 0002c000 fc:00 1848840                    /usr/lib/jvm/java-8-openjdk-amd64/jre/lib/amd64/libjava.so
7fe247be5000-7fe247be7000 rw-p 0002d000 fc:00 1848840                    /usr/lib/jvm/java-8-openjdk-amd64/jre/lib/amd64/libjava.so
7fe247be7000-7fe247bf6000 r-xp 00000000 fc:00 1848826                    /usr/lib/jvm/java-8-openjdk-amd64/jre/lib/amd64/libverify.so
7fe247bf6000-7fe247df5000 ---p 0000f000 fc:00 1848826                    /usr/lib/jvm/java-8-openjdk-amd64/jre/lib/amd64/libverify.so
7fe247df5000-7fe247df7000 r--p 0000e000 fc:00 1848826                    /usr/lib/jvm/java-8-openjdk-amd64/jre/lib/amd64/libverify.so
7fe247df7000-7fe247df8000 rw-p 00010000 fc:00 1848826                    /usr/lib/jvm/java-8-openjdk-amd64/jre/lib/amd64/libverify.so
7fe247df8000-7fe247dff000 r-xp 00000000 fc:00 3670610                    /lib/x86_64-linux-gnu/librt-2.23.so
7fe247dff000-7fe247ffe000 ---p 00007000 fc:00 3670610                    /lib/x86_64-linux-gnu/librt-2.23.so
7fe247ffe000-7fe247fff000 r--p 00006000 fc:00 3670610                    /lib/x86_64-linux-gnu/librt-2.23.so
7fe247fff000-7fe248000000 rw-p 00007000 fc:00 3670610                    /lib/x86_64-linux-gnu/librt-2.23.so
7fe248000000-7fe24803c000 rw-p 00000000 00:00 0 
7fe24803c000-7fe24c000000 ---p 00000000 00:00 0 
7fe24c073000-7fe24c089000 r-xp 00000000 fc:00 3670543                    /lib/x86_64-linux-gnu/libgcc_s.so.1
7fe24c089000-7fe24c288000 ---p 00016000 fc:00 3670543                    /lib/x86_64-linux-gnu/libgcc_s.so.1
7fe24c288000-7fe24c289000 rw-p 00015000 fc:00 3670543                    /lib/x86_64-linux-gnu/libgcc_s.so.1
7fe24c289000-7fe24c391000 r-xp 00000000 fc:00 3670558                    /lib/x86_64-linux-gnu/libm-2.23.so
7fe24c391000-7fe24c590000 ---p 00108000 fc:00 3670558                    /lib/x86_64-linux-gnu/libm-2.23.so
7fe24c590000-7fe24c591000 r--p 00107000 fc:00 3670558                    /lib/x86_64-linux-gnu/libm-2.23.so
7fe24c591000-7fe24c592000 rw-p 00108000 fc:00 3670558                    /lib/x86_64-linux-gnu/libm-2.23.so
7fe24c592000-7fe24c704000 r-xp 00000000 fc:00 1837577                    /usr/lib/x86_64-linux-gnu/libstdc++.so.6.0.21
7fe24c704000-7fe24c904000 ---p 00172000 fc:00 1837577                    /usr/lib/x86_64-linux-gnu/libstdc++.so.6.0.21
7fe24c904000-7fe24c90e000 r--p 00172000 fc:00 1837577                    /usr/lib/x86_64-linux-gnu/libstdc++.so.6.0.21
7fe24c90e000-7fe24c910000 rw-p 0017c000 fc:00 1837577                    /usr/lib/x86_64-linux-gnu/libstdc++.so.6.0.21
7fe24c910000-7fe24c914000 rw-p 00000000 00:00 0 
7fe24c914000-7fe24d56d000 r-xp 00000000 fc:00 1848853                    /usr/lib/jvm/java-8-openjdk-amd64/jre/lib/amd64/server/libjvm.so
7fe24d56d000-7fe24d76d000 ---p 00c59000 fc:00 1848853                    /usr/lib/jvm/java-8-openjdk-amd64/jre/lib/amd64/server/libjvm.so
7fe24d76d000-7fe24d800000 r--p 00c59000 fc:00 1848853                    /usr/lib/jvm/java-8-openjdk-amd64/jre/lib/amd64/server/libjvm.so
7fe24d800000-7fe24d829000 rw-p 00cec000 fc:00 1848853                    /usr/lib/jvm/java-8-openjdk-amd64/jre/lib/amd64/server/libjvm.so
7fe24d829000-7fe24d859000 rw-p 00000000 00:00 0 
7fe24d859000-7fe24d871000 r-xp 00000000 fc:00 3670604                    /lib/x86_64-linux-gnu/libpthread-2.23.so
7fe24d871000-7fe24da70000 ---p 00018000 fc:00 3670604                    /lib/x86_64-linux-gnu/libpthread-2.23.so
7fe24da70000-7fe24da71000 r--p 00017000 fc:00 3670604                    /lib/x86_64-linux-gnu/libpthread-2.23.so
7fe24da71000-7fe24da72000 rw-p 00018000 fc:00 3670604                    /lib/x86_64-linux-gnu/libpthread-2.23.so
7fe24da72000-7fe24da76000 rw-p 00000000 00:00 0 
7fe24da76000-7fe24da79000 r-xp 00000000 fc:00 3670531                    /lib/x86_64-linux-gnu/libdl-2.23.so
7fe24da79000-7fe24dc78000 ---p 00003000 fc:00 3670531                    /lib/x86_64-linux-gnu/libdl-2.23.so
7fe24dc78000-7fe24dc79000 r--p 00002000 fc:00 3670531                    /lib/x86_64-linux-gnu/libdl-2.23.so
7fe24dc79000-7fe24dc7a000 rw-p 00003000 fc:00 3670531                    /lib/x86_64-linux-gnu/libdl-2.23.so
7fe24dc7a000-7fe24dc93000 r-xp 00000000 fc:00 3670640                    /lib/x86_64-linux-gnu/libz.so.1.2.8
7fe24dc93000-7fe24de92000 ---p 00019000 fc:00 3670640                    /lib/x86_64-linux-gnu/libz.so.1.2.8
7fe24de92000-7fe24de93000 r--p 00018000 fc:00 3670640                    /lib/x86_64-linux-gnu/libz.so.1.2.8
7fe24de93000-7fe24de94000 rw-p 00019000 fc:00 3670640                    /lib/x86_64-linux-gnu/libz.so.1.2.8
7fe24de94000-7fe24e054000 r-xp 00000000 fc:00 3670517                    /lib/x86_64-linux-gnu/libc-2.23.so
7fe24e054000-7fe24e254000 ---p 001c0000 fc:00 3670517                    /lib/x86_64-linux-gnu/libc-2.23.so
7fe24e254000-7fe24e258000 r--p 001c0000 fc:00 3670517                    /lib/x86_64-linux-gnu/libc-2.23.so
7fe24e258000-7fe24e25a000 rw-p 001c4000 fc:00 3670517                    /lib/x86_64-linux-gnu/libc-2.23.so
7fe24e25a000-7fe24e25e000 rw-p 00000000 00:00 0 
7fe24e25e000-7fe24e26b000 r-xp 00000000 fc:00 1848850                    /usr/lib/jvm/java-8-openjdk-amd64/jre/lib/amd64/jli/libjli.so
7fe24e26b000-7fe24e46b000 ---p 0000d000 fc:00 1848850                    /usr/lib/jvm/java-8-openjdk-amd64/jre/lib/amd64/jli/libjli.so
7fe24e46b000-7fe24e46c000 r--p 0000d000 fc:00 1848850                    /usr/lib/jvm/java-8-openjdk-amd64/jre/lib/amd64/jli/libjli.so
7fe24e46c000-7fe24e46d000 rw-p 0000e000 fc:00 1848850                    /usr/lib/jvm/java-8-openjdk-amd64/jre/lib/amd64/jli/libjli.so
7fe24e46d000-7fe24e493000 r-xp 00000000 fc:00 3670493                    /lib/x86_64-linux-gnu/ld-2.23.so
7fe24e532000-7fe24e533000 ---p 00000000 00:00 0 
7fe24e533000-7fe24e633000 rw-p 00000000 00:00 0 
7fe24e633000-7fe24e636000 ---p 00000000 00:00 0 
7fe24e636000-7fe24e678000 rw-p 00000000 00:00 0 
7fe24e687000-7fe24e68f000 rw-s 00000000 fc:00 5513040                    /tmp/hsperfdata_vagrant/4202
7fe24e68f000-7fe24e690000 rw-p 00000000 00:00 0 
7fe24e690000-7fe24e691000 r--p 00000000 00:00 0 
7fe24e691000-7fe24e692000 rw-p 00000000 00:00 0 
7fe24e692000-7fe24e693000 r--p 00025000 fc:00 3670493                    /lib/x86_64-linux-gnu/ld-2.23.so
7fe24e693000-7fe24e694000 rw-p 00026000 fc:00 3670493                    /lib/x86_64-linux-gnu/ld-2.23.so
7fe24e694000-7fe24e695000 rw-p 00000000 00:00 0 
7ffda835a000-7ffda837b000 rw-p 00000000 00:00 0                          [stack]
7ffda8396000-7ffda8399000 r--p 00000000 00:00 0                          [vvar]
7ffda8399000-7ffda839b000 r-xp 00000000 00:00 0                          [vdso]
ffffffffff600000-ffffffffff601000 r-xp 00000000 00:00 0                  [vsyscall]

VM Arguments:
jvm_args: -Xms2g -Xmx2g -Xss256k -Djava.awt.headless=true -XX:+UseParNewGC -XX:+UseConcMarkSweepGC -XX:CMSInitiatingOccupancyFraction=75 -XX:+UseCMSInitiatingOccupancyOnly -XX:+HeapDumpOnOutOfMemoryError -XX:+DisableExplicitGC -Dfile.encoding=UTF-8 -Delasticsearch -Des.foreground=yes -Des.path.home=/home/vagrant/youtube-scraper/linkurious-linux/system/elasticsearch 
java_command: org.elasticsearch.bootstrap.Elasticsearch
java_class_path (initial): :/home/vagrant/youtube-scraper/linkurious-linux/system/elasticsearch/lib/elasticsearch-1.4.5.jar:/home/vagrant/youtube-scraper/linkurious-linux/system/elasticsearch/lib/lucene-misc-4.10.4.jar:/home/vagrant/youtube-scraper/linkurious-linux/system/elasticsearch/lib/spatial4j-0.4.1.jar:/home/vagrant/youtube-scraper/linkurious-linux/system/elasticsearch/lib/lucene-grouping-4.10.4.jar:/home/vagrant/youtube-scraper/linkurious-linux/system/elasticsearch/lib/lucene-join-4.10.4.jar:/home/vagrant/youtube-scraper/linkurious-linux/system/elasticsearch/lib/lucene-analyzers-common-4.10.4.jar:/home/vagrant/youtube-scraper/linkurious-linux/system/elasticsearch/lib/asm-commons-4.1.jar:/home/vagrant/youtube-scraper/linkurious-linux/system/elasticsearch/lib/lucene-core-4.10.4.jar:/home/vagrant/youtube-scraper/linkurious-linux/system/elasticsearch/lib/elasticsearch-1.4.5.jar:/home/vagrant/youtube-scraper/linkurious-linux/system/elasticsearch/lib/lucene-memory-4.10.4.jar:/home/vagrant/youtube-scraper/linkurious-linux/system/elasticsearch/lib/lucene-sandbox-4.10.4.jar:/home/vagrant/youtube-scraper/linkurious-linux/system/elasticsearch/lib/lucene-spatial-4.10.4.jar:/home/vagrant/youtube-scraper/linkurious-linux/system/elasticsearch/lib/lucene-highlighter-4.10.4.jar:/home/vagrant/youtube-scraper/linkurious-linux/system/elasticsearch/lib/antlr-runtime-3.5.jar:/home/vagrant/youtube-scraper/linkurious-linux/system/elasticsearch/lib/jts-1.13.jar:/home/vagrant/youtube-scraper/linkurious-linux/system/elasticsearch/lib/lucene-expressions-4.10.4.jar:/home/vagrant/youtube-scraper/linkurious-linux/system/elasticsearch/lib/asm-4.1.jar:/home/vagrant/youtube-scraper/linkurious-linux/system/elasticsearch/lib/groovy-all-2.3.2.jar:/home/vagrant/youtube-scraper/linkurious-linux/system/elasticsearch/lib/jna-4.1.0.jar:/home/vagrant/youtube-scraper/linkurious-linux/system/elasticsearch/lib/log4j-1.2.17.jar:/home/vagrant/youtube-scraper/linkurious-linux/system/elasticsearch/lib/luc
Launcher Type: SUN_STANDARD

Environment Variables:
JAVA_HOME=/usr

Signal Handlers:
SIGSEGV: [libjvm.so+0xa6e6f0], sa_mask[0]=11111111011111111101111111111110, sa_flags=SA_RESTART|SA_SIGINFO
SIGBUS: [libjvm.so+0xa6e6f0], sa_mask[0]=11111111011111111101111111111110, sa_flags=SA_RESTART|SA_SIGINFO
SIGFPE: [libjvm.so+0x8b5d50], sa_mask[0]=11111111011111111101111111111110, sa_flags=SA_RESTART|SA_SIGINFO
SIGPIPE: [libjvm.so+0x8b5d50], sa_mask[0]=11111111011111111101111111111110, sa_flags=SA_RESTART|SA_SIGINFO
SIGXFSZ: [libjvm.so+0x8b5d50], sa_mask[0]=11111111011111111101111111111110, sa_flags=SA_RESTART|SA_SIGINFO
SIGILL: [libjvm.so+0x8b5d50], sa_mask[0]=11111111011111111101111111111110, sa_flags=SA_RESTART|SA_SIGINFO
SIGUSR1: SIG_DFL, sa_mask[0]=00000000000000000000000000000000, sa_flags=none
SIGUSR2: [libjvm.so+0x8b5c00], sa_mask[0]=00000000000000000000000000000000, sa_flags=SA_RESTART|SA_SIGINFO
SIGHUP: SIG_DFL, sa_mask[0]=00000000000000000000000000000000, sa_flags=none
SIGINT: SIG_DFL, sa_mask[0]=00000000000000000000000000000000, sa_flags=none
SIGTERM: SIG_DFL, sa_mask[0]=00000000000000000000000000000000, sa_flags=none
SIGQUIT: SIG_DFL, sa_mask[0]=00000000000000000000000000000000, sa_flags=none


---------------  S Y S T E M  ---------------

OS:DISTRIB_ID=Ubuntu
DISTRIB_RELEASE=16.04
DISTRIB_CODENAME=xenial
DISTRIB_DESCRIPTION="Ubuntu 16.04.4 LTS"

uname:Linux 4.4.0-130-generic #156-Ubuntu SMP Thu Jun 14 08:53:28 UTC 2018 x86_64
libc:glibc 2.23 NPTL 2.23 
rlimit: STACK 8192k, CORE 0k, NPROC 17215, NOFILE 1048576, AS infinity
load average:2.03 1.54 0.66

/proc/meminfo:
MemTotal:        4451584 kB
MemFree:          171500 kB
MemAvailable:     139336 kB
Buffers:           14100 kB
Cached:           261116 kB
SwapCached:        14108 kB
Active:          2937720 kB
Inactive:        1165100 kB
Active(anon):    2891272 kB
Inactive(anon):  1067604 kB
Active(file):      46448 kB
Inactive(file):    97496 kB
Unevictable:        3684 kB
Mlocked:            3684 kB
SwapTotal:       1003516 kB
SwapFree:         517588 kB
Dirty:               460 kB
Writeback:             0 kB
AnonPages:       3823856 kB
Mapped:           217844 kB
Shmem:            128704 kB
Slab:              66612 kB
SReclaimable:      32276 kB
SUnreclaim:        34336 kB
KernelStack:       11696 kB
PageTables:        47736 kB
NFS_Unstable:          0 kB
Bounce:                0 kB
WritebackTmp:          0 kB
CommitLimit:     3229308 kB
Committed_AS:    8780620 kB
VmallocTotal:   34359738367 kB
VmallocUsed:           0 kB
VmallocChunk:          0 kB
HardwareCorrupted:     0 kB
AnonHugePages:         0 kB
CmaTotal:              0 kB
CmaFree:               0 kB
HugePages_Total:       0
HugePages_Free:        0
HugePages_Rsvd:        0
HugePages_Surp:        0
Hugepagesize:       2048 kB
DirectMap4k:      116672 kB
DirectMap2M:     4491264 kB


CPU:total 4 (initial active 4) (4 cores per cpu, 1 threads per core) family 6 model 58 stepping 9, cmov, cx8, fxsr, mmx, sse, sse2, sse3, ssse3, sse4.1, sse4.2, popcnt, avx, aes, clmul, tsc, tscinvbit, tscinv

/proc/cpuinfo:
processor	: 0
vendor_id	: GenuineIntel
cpu family	: 6
model		: 58
model name	: Intel(R) Xeon(R) CPU E3-1270 V2 @ 3.50GHz
stepping	: 9
microcode	: 0x19
cpu MHz		: 3492.086
cache size	: 8192 KB
physical id	: 0
siblings	: 4
core id		: 0
cpu cores	: 4
apicid		: 0
initial apicid	: 0
fpu		: yes
fpu_exception	: yes
cpuid level	: 13
wp		: yes
flags		: fpu vme de pse tsc msr pae mce cx8 apic sep mtrr pge mca cmov pat pse36 clflush mmx fxsr sse sse2 ht syscall nx rdtscp lm constant_tsc rep_good nopl xtopology nonstop_tsc eagerfpu pni pclmulqdq ssse3 cx16 sse4_1 sse4_2 x2apic popcnt aes xsave avx rdrand hypervisor lahf_lm kaiser
bugs		: cpu_meltdown spectre_v1 spectre_v2 spec_store_bypass
bogomips	: 6984.17
clflush size	: 64
cache_alignment	: 64
address sizes	: 36 bits physical, 48 bits virtual
power management:

processor	: 1
vendor_id	: GenuineIntel
cpu family	: 6
model		: 58
model name	: Intel(R) Xeon(R) CPU E3-1270 V2 @ 3.50GHz
stepping	: 9
microcode	: 0x19
cpu MHz		: 3492.086
cache size	: 8192 KB
physical id	: 0
siblings	: 4
core id		: 1
cpu cores	: 4
apicid		: 1
initial apicid	: 1
fpu		: yes
fpu_exception	: yes
cpuid level	: 13
wp		: yes
flags		: fpu vme de pse tsc msr pae mce cx8 apic sep mtrr pge mca cmov pat pse36 clflush mmx fxsr sse sse2 ht syscall nx rdtscp lm constant_tsc rep_good nopl xtopology nonstop_tsc eagerfpu pni pclmulqdq ssse3 cx16 sse4_1 sse4_2 x2apic popcnt aes xsave avx rdrand hypervisor lahf_lm kaiser
bugs		: cpu_meltdown spectre_v1 spectre_v2 spec_store_bypass
bogomips	: 6984.17
clflush size	: 64
cache_alignment	: 64
address sizes	: 36 bits physical, 48 bits virtual
power management:

processor	: 2
vendor_id	: GenuineIntel
cpu family	: 6
model		: 58
model name	: Intel(R) Xeon(R) CPU E3-1270 V2 @ 3.50GHz
stepping	: 9
microcode	: 0x19
cpu MHz		: 3492.086
cache size	: 8192 KB
physical id	: 0
siblings	: 4
core id		: 2
cpu cores	: 4
apicid		: 2
initial apicid	: 2
fpu		: yes
fpu_exception	: yes
cpuid level	: 13
wp		: yes
flags		: fpu vme de pse tsc msr pae mce cx8 apic sep mtrr pge mca cmov pat pse36 clflush mmx fxsr sse sse2 ht syscall nx rdtscp lm constant_tsc rep_good nopl xtopology nonstop_tsc eagerfpu pni pclmulqdq ssse3 cx16 sse4_1 sse4_2 x2apic popcnt aes xsave avx rdrand hypervisor lahf_lm kaiser
bugs		: cpu_meltdown spectre_v1 spectre_v2 spec_store_bypass
bogomips	: 6984.17
clflush size	: 64
cache_alignment	: 64
address sizes	: 36 bits physical, 48 bits virtual
power management:

processor	: 3
vendor_id	: GenuineIntel
cpu family	: 6
model		: 58
model name	: Intel(R) Xeon(R) CPU E3-1270 V2 @ 3.50GHz
stepping	: 9
microcode	: 0x19
cpu MHz		: 3492.086
cache size	: 8192 KB
physical id	: 0
siblings	: 4
core id		: 3
cpu cores	: 4
apicid		: 3
initial apicid	: 3
fpu		: yes
fpu_exception	: yes
cpuid level	: 13
wp		: yes
flags		: fpu vme de pse tsc msr pae mce cx8 apic sep mtrr pge mca cmov pat pse36 clflush mmx fxsr sse sse2 ht syscall nx rdtscp lm constant_tsc rep_good nopl xtopology nonstop_tsc eagerfpu pni pclmulqdq ssse3 cx16 sse4_1 sse4_2 x2apic popcnt aes xsave avx rdrand hypervisor lahf_lm kaiser
bugs		: cpu_meltdown spectre_v1 spectre_v2 spec_store_bypass
bogomips	: 6984.17
clflush size	: 64
cache_alignment	: 64
address sizes	: 36 bits physical, 48 bits virtual
power management:



Memory: 4k page, physical 4451584k(171500k free), swap 1003516k(517588k free)

vm_info: OpenJDK 64-Bit Server VM (25.171-b11) for linux-amd64 JRE (1.8.0_171-8u171-b11-0ubuntu0.16.04.1-b11), built on Apr 27 2018 17:19:03 by "buildd" with gcc 5.4.0 20160609

time: Tue Aug  7 15:11:56 2018
elapsed time: 0 seconds (0d 0h 0m 0s)

