#
# There is insufficient memory for the Java Runtime Environment to continue.
# Native memory allocation (mmap) failed to map 1798569984 bytes for committing reserved memory.
# Possible reasons:
#   The system is out of physical RAM or swap space
#   In 32 bit mode, the process size limit was hit
# Possible solutions:
#   Reduce memory load on the system
#   Increase physical memory or swap space
#   Check if swap backing store is full
#   Use 64 bit Java on a 64 bit OS
#   Decrease Java heap size (-Xmx/-Xms)
#   Decrease number of Java threads
#   Decrease Java thread stack sizes (-Xss)
#   Set larger code cache with -XX:ReservedCodeCacheSize=
# This output file may be truncated or incomplete.
#
#  Out of Memory Error (os_linux.cpp:2643), pid=4412, tid=0x00007f7be38e0700
#
# JRE version:  (8.0_171-b11) (build )
# Java VM: OpenJDK 64-Bit Server VM (25.171-b11 mixed mode linux-amd64 compressed oops)
# Failed to write core dump. Core dumps have been disabled. To enable core dumping, try "ulimit -c unlimited" before starting Java again
#

---------------  T H R E A D  ---------------

Current thread (0x00007f7bdc00c000):  JavaThread "Unknown thread" [_thread_in_vm, id=4418, stack(0x00007f7be38a0000,0x00007f7be38e1000)]

Stack: [0x00007f7be38a0000,0x00007f7be38e1000],  sp=0x00007f7be38df530,  free space=253k
Native frames: (J=compiled Java code, j=interpreted, Vv=VM code, C=native code)
V  [libjvm.so+0xa6db9b]
V  [libjvm.so+0x4c694c]
V  [libjvm.so+0x8ba818]
V  [libjvm.so+0x8b4bae]
V  [libjvm.so+0xa6a484]
V  [libjvm.so+0x5cc830]
V  [libjvm.so+0x4a4f3d]
V  [libjvm.so+0x5cd699]
V  [libjvm.so+0x5b980f]
V  [libjvm.so+0xa310f9]
V  [libjvm.so+0xa31342]
V  [libjvm.so+0x61133f]
V  [libjvm.so+0xa166ea]
V  [libjvm.so+0x68b8c2]  JNI_CreateJavaVM+0x62
C  [libjli.so+0x2f2e]
C  [libjli.so+0x74ad]
C  [libpthread.so.0+0x76ba]  start_thread+0xca


---------------  P R O C E S S  ---------------

Java Threads: ( => current thread )

Other Threads:

=>0x00007f7bdc00c000 (exited) JavaThread "Unknown thread" [_thread_in_vm, id=4418, stack(0x00007f7be38a0000,0x00007f7be38e1000)]

VM state:not at safepoint (not fully initialized)

VM Mutex/Monitor currently owned by a thread: None

GC Heap History (0 events):
No events

Deoptimization events (0 events):
No events

Classes redefined (0 events):
No events

Internal exceptions (0 events):
No events

Events (0 events):
No events


Dynamic libraries:
00400000-00401000 r-xp 00000000 fc:00 1848810                            /usr/lib/jvm/java-8-openjdk-amd64/jre/bin/java
00600000-00601000 r--p 00000000 fc:00 1848810                            /usr/lib/jvm/java-8-openjdk-amd64/jre/bin/java
00601000-00602000 rw-p 00001000 fc:00 1848810                            /usr/lib/jvm/java-8-openjdk-amd64/jre/bin/java
00ae4000-00b23000 rw-p 00000000 00:00 0                                  [heap]
80000000-94cc0000 rw-p 00000000 00:00 0 
7f7bb8000000-7f7bb8021000 rw-p 00000000 00:00 0 
7f7bb8021000-7f7bbc000000 ---p 00000000 00:00 0 
7f7bc0000000-7f7bc0021000 rw-p 00000000 00:00 0 
7f7bc0021000-7f7bc4000000 ---p 00000000 00:00 0 
7f7bc4000000-7f7bc4021000 rw-p 00000000 00:00 0 
7f7bc4021000-7f7bc8000000 ---p 00000000 00:00 0 
7f7bc8000000-7f7bc8021000 rw-p 00000000 00:00 0 
7f7bc8021000-7f7bcc000000 ---p 00000000 00:00 0 
7f7bcc33a000-7f7bcc7e5000 rw-p 00000000 00:00 0 
7f7bcc7e5000-7f7bccb3e000 ---p 00000000 00:00 0 
7f7bccb3e000-7f7bccb3f000 rw-p 00000000 00:00 0 
7f7bccb3f000-7f7bccb40000 ---p 00000000 00:00 0 
7f7bccb40000-7f7bccc4a000 rw-p 00000000 00:00 0 
7f7bccc4a000-7f7bcd000000 ---p 00000000 00:00 0 
7f7bcd000000-7f7bcd270000 rwxp 00000000 00:00 0 
7f7bcd270000-7f7bdc000000 ---p 00000000 00:00 0 
7f7bdc000000-7f7bdc03c000 rw-p 00000000 00:00 0 
7f7bdc03c000-7f7be0000000 ---p 00000000 00:00 0 
7f7be004d000-7f7be004e000 ---p 00000000 00:00 0 
7f7be004e000-7f7be014e000 rw-p 00000000 00:00 0 
7f7be014e000-7f7be014f000 ---p 00000000 00:00 0 
7f7be014f000-7f7be024f000 rw-p 00000000 00:00 0 
7f7be024f000-7f7be0257000 r-xp 00000000 fc:00 1848849                    /usr/lib/jvm/java-8-openjdk-amd64/jre/lib/amd64/libzip.so
7f7be0257000-7f7be0456000 ---p 00008000 fc:00 1848849                    /usr/lib/jvm/java-8-openjdk-amd64/jre/lib/amd64/libzip.so
7f7be0456000-7f7be0457000 r--p 00007000 fc:00 1848849                    /usr/lib/jvm/java-8-openjdk-amd64/jre/lib/amd64/libzip.so
7f7be0457000-7f7be0458000 rw-p 00008000 fc:00 1848849                    /usr/lib/jvm/java-8-openjdk-amd64/jre/lib/amd64/libzip.so
7f7be0458000-7f7be0463000 r-xp 00000000 fc:00 3670581                    /lib/x86_64-linux-gnu/libnss_files-2.23.so
7f7be0463000-7f7be0662000 ---p 0000b000 fc:00 3670581                    /lib/x86_64-linux-gnu/libnss_files-2.23.so
7f7be0662000-7f7be0663000 r--p 0000a000 fc:00 3670581                    /lib/x86_64-linux-gnu/libnss_files-2.23.so
7f7be0663000-7f7be0664000 rw-p 0000b000 fc:00 3670581                    /lib/x86_64-linux-gnu/libnss_files-2.23.so
7f7be0664000-7f7be066a000 rw-p 00000000 00:00 0 
7f7be066a000-7f7be0675000 r-xp 00000000 fc:00 3670585                    /lib/x86_64-linux-gnu/libnss_nis-2.23.so
7f7be0675000-7f7be0874000 ---p 0000b000 fc:00 3670585                    /lib/x86_64-linux-gnu/libnss_nis-2.23.so
7f7be0874000-7f7be0875000 r--p 0000a000 fc:00 3670585                    /lib/x86_64-linux-gnu/libnss_nis-2.23.so
7f7be0875000-7f7be0876000 rw-p 0000b000 fc:00 3670585                    /lib/x86_64-linux-gnu/libnss_nis-2.23.so
7f7be0876000-7f7be088c000 r-xp 00000000 fc:00 3670575                    /lib/x86_64-linux-gnu/libnsl-2.23.so
7f7be088c000-7f7be0a8b000 ---p 00016000 fc:00 3670575                    /lib/x86_64-linux-gnu/libnsl-2.23.so
7f7be0a8b000-7f7be0a8c000 r--p 00015000 fc:00 3670575                    /lib/x86_64-linux-gnu/libnsl-2.23.so
7f7be0a8c000-7f7be0a8d000 rw-p 00016000 fc:00 3670575                    /lib/x86_64-linux-gnu/libnsl-2.23.so
7f7be0a8d000-7f7be0a8f000 rw-p 00000000 00:00 0 
7f7be0a8f000-7f7be0a97000 r-xp 00000000 fc:00 3670577                    /lib/x86_64-linux-gnu/libnss_compat-2.23.so
7f7be0a97000-7f7be0c96000 ---p 00008000 fc:00 3670577                    /lib/x86_64-linux-gnu/libnss_compat-2.23.so
7f7be0c96000-7f7be0c97000 r--p 00007000 fc:00 3670577                    /lib/x86_64-linux-gnu/libnss_compat-2.23.so
7f7be0c97000-7f7be0c98000 rw-p 00008000 fc:00 3670577                    /lib/x86_64-linux-gnu/libnss_compat-2.23.so
7f7be0c98000-7f7be0cc5000 r-xp 00000000 fc:00 1848840                    /usr/lib/jvm/java-8-openjdk-amd64/jre/lib/amd64/libjava.so
7f7be0cc5000-7f7be0ec4000 ---p 0002d000 fc:00 1848840                    /usr/lib/jvm/java-8-openjdk-amd64/jre/lib/amd64/libjava.so
7f7be0ec4000-7f7be0ec5000 r--p 0002c000 fc:00 1848840                    /usr/lib/jvm/java-8-openjdk-amd64/jre/lib/amd64/libjava.so
7f7be0ec5000-7f7be0ec7000 rw-p 0002d000 fc:00 1848840                    /usr/lib/jvm/java-8-openjdk-amd64/jre/lib/amd64/libjava.so
7f7be0ec7000-7f7be0ed6000 r-xp 00000000 fc:00 1848826                    /usr/lib/jvm/java-8-openjdk-amd64/jre/lib/amd64/libverify.so
7f7be0ed6000-7f7be10d5000 ---p 0000f000 fc:00 1848826                    /usr/lib/jvm/java-8-openjdk-amd64/jre/lib/amd64/libverify.so
7f7be10d5000-7f7be10d7000 r--p 0000e000 fc:00 1848826                    /usr/lib/jvm/java-8-openjdk-amd64/jre/lib/amd64/libverify.so
7f7be10d7000-7f7be10d8000 rw-p 00010000 fc:00 1848826                    /usr/lib/jvm/java-8-openjdk-amd64/jre/lib/amd64/libverify.so
7f7be10d8000-7f7be10df000 r-xp 00000000 fc:00 3670610                    /lib/x86_64-linux-gnu/librt-2.23.so
7f7be10df000-7f7be12de000 ---p 00007000 fc:00 3670610                    /lib/x86_64-linux-gnu/librt-2.23.so
7f7be12de000-7f7be12df000 r--p 00006000 fc:00 3670610                    /lib/x86_64-linux-gnu/librt-2.23.so
7f7be12df000-7f7be12e0000 rw-p 00007000 fc:00 3670610                    /lib/x86_64-linux-gnu/librt-2.23.so
7f7be12e0000-7f7be12f6000 r-xp 00000000 fc:00 3670543                    /lib/x86_64-linux-gnu/libgcc_s.so.1
7f7be12f6000-7f7be14f5000 ---p 00016000 fc:00 3670543                    /lib/x86_64-linux-gnu/libgcc_s.so.1
7f7be14f5000-7f7be14f6000 rw-p 00015000 fc:00 3670543                    /lib/x86_64-linux-gnu/libgcc_s.so.1
7f7be14f6000-7f7be15fe000 r-xp 00000000 fc:00 3670558                    /lib/x86_64-linux-gnu/libm-2.23.so
7f7be15fe000-7f7be17fd000 ---p 00108000 fc:00 3670558                    /lib/x86_64-linux-gnu/libm-2.23.so
7f7be17fd000-7f7be17fe000 r--p 00107000 fc:00 3670558                    /lib/x86_64-linux-gnu/libm-2.23.so
7f7be17fe000-7f7be17ff000 rw-p 00108000 fc:00 3670558                    /lib/x86_64-linux-gnu/libm-2.23.so
7f7be17ff000-7f7be1971000 r-xp 00000000 fc:00 1837577                    /usr/lib/x86_64-linux-gnu/libstdc++.so.6.0.21
7f7be1971000-7f7be1b71000 ---p 00172000 fc:00 1837577                    /usr/lib/x86_64-linux-gnu/libstdc++.so.6.0.21
7f7be1b71000-7f7be1b7b000 r--p 00172000 fc:00 1837577                    /usr/lib/x86_64-linux-gnu/libstdc++.so.6.0.21
7f7be1b7b000-7f7be1b7d000 rw-p 0017c000 fc:00 1837577                    /usr/lib/x86_64-linux-gnu/libstdc++.so.6.0.21
7f7be1b7d000-7f7be1b81000 rw-p 00000000 00:00 0 
7f7be1b81000-7f7be27da000 r-xp 00000000 fc:00 1848853                    /usr/lib/jvm/java-8-openjdk-amd64/jre/lib/amd64/server/libjvm.so
7f7be27da000-7f7be29da000 ---p 00c59000 fc:00 1848853                    /usr/lib/jvm/java-8-openjdk-amd64/jre/lib/amd64/server/libjvm.so
7f7be29da000-7f7be2a6d000 r--p 00c59000 fc:00 1848853                    /usr/lib/jvm/java-8-openjdk-amd64/jre/lib/amd64/server/libjvm.so
7f7be2a6d000-7f7be2a96000 rw-p 00cec000 fc:00 1848853                    /usr/lib/jvm/java-8-openjdk-amd64/jre/lib/amd64/server/libjvm.so
7f7be2a96000-7f7be2ac6000 rw-p 00000000 00:00 0 
7f7be2ac6000-7f7be2ade000 r-xp 00000000 fc:00 3670604                    /lib/x86_64-linux-gnu/libpthread-2.23.so
7f7be2ade000-7f7be2cdd000 ---p 00018000 fc:00 3670604                    /lib/x86_64-linux-gnu/libpthread-2.23.so
7f7be2cdd000-7f7be2cde000 r--p 00017000 fc:00 3670604                    /lib/x86_64-linux-gnu/libpthread-2.23.so
7f7be2cde000-7f7be2cdf000 rw-p 00018000 fc:00 3670604                    /lib/x86_64-linux-gnu/libpthread-2.23.so
7f7be2cdf000-7f7be2ce3000 rw-p 00000000 00:00 0 
7f7be2ce3000-7f7be2ce6000 r-xp 00000000 fc:00 3670531                    /lib/x86_64-linux-gnu/libdl-2.23.so
7f7be2ce6000-7f7be2ee5000 ---p 00003000 fc:00 3670531                    /lib/x86_64-linux-gnu/libdl-2.23.so
7f7be2ee5000-7f7be2ee6000 r--p 00002000 fc:00 3670531                    /lib/x86_64-linux-gnu/libdl-2.23.so
7f7be2ee6000-7f7be2ee7000 rw-p 00003000 fc:00 3670531                    /lib/x86_64-linux-gnu/libdl-2.23.so
7f7be2ee7000-7f7be2f00000 r-xp 00000000 fc:00 3670640                    /lib/x86_64-linux-gnu/libz.so.1.2.8
7f7be2f00000-7f7be30ff000 ---p 00019000 fc:00 3670640                    /lib/x86_64-linux-gnu/libz.so.1.2.8
7f7be30ff000-7f7be3100000 r--p 00018000 fc:00 3670640                    /lib/x86_64-linux-gnu/libz.so.1.2.8
7f7be3100000-7f7be3101000 rw-p 00019000 fc:00 3670640                    /lib/x86_64-linux-gnu/libz.so.1.2.8
7f7be3101000-7f7be32c1000 r-xp 00000000 fc:00 3670517                    /lib/x86_64-linux-gnu/libc-2.23.so
7f7be32c1000-7f7be34c1000 ---p 001c0000 fc:00 3670517                    /lib/x86_64-linux-gnu/libc-2.23.so
7f7be34c1000-7f7be34c5000 r--p 001c0000 fc:00 3670517                    /lib/x86_64-linux-gnu/libc-2.23.so
7f7be34c5000-7f7be34c7000 rw-p 001c4000 fc:00 3670517                    /lib/x86_64-linux-gnu/libc-2.23.so
7f7be34c7000-7f7be34cb000 rw-p 00000000 00:00 0 
7f7be34cb000-7f7be34d8000 r-xp 00000000 fc:00 1848850                    /usr/lib/jvm/java-8-openjdk-amd64/jre/lib/amd64/jli/libjli.so
7f7be34d8000-7f7be36d8000 ---p 0000d000 fc:00 1848850                    /usr/lib/jvm/java-8-openjdk-amd64/jre/lib/amd64/jli/libjli.so
7f7be36d8000-7f7be36d9000 r--p 0000d000 fc:00 1848850                    /usr/lib/jvm/java-8-openjdk-amd64/jre/lib/amd64/jli/libjli.so
7f7be36d9000-7f7be36da000 rw-p 0000e000 fc:00 1848850                    /usr/lib/jvm/java-8-openjdk-amd64/jre/lib/amd64/jli/libjli.so
7f7be36da000-7f7be3700000 r-xp 00000000 fc:00 3670493                    /lib/x86_64-linux-gnu/ld-2.23.so
7f7be379f000-7f7be37a0000 ---p 00000000 00:00 0 
7f7be37a0000-7f7be38a0000 rw-p 00000000 00:00 0 
7f7be38a0000-7f7be38a3000 ---p 00000000 00:00 0 
7f7be38a3000-7f7be38e5000 rw-p 00000000 00:00 0 
7f7be38f4000-7f7be38fc000 rw-s 00000000 fc:00 5513040                    /tmp/hsperfdata_vagrant/4412
7f7be38fc000-7f7be38fd000 rw-p 00000000 00:00 0 
7f7be38fd000-7f7be38fe000 r--p 00000000 00:00 0 
7f7be38fe000-7f7be38ff000 rw-p 00000000 00:00 0 
7f7be38ff000-7f7be3900000 r--p 00025000 fc:00 3670493                    /lib/x86_64-linux-gnu/ld-2.23.so
7f7be3900000-7f7be3901000 rw-p 00026000 fc:00 3670493                    /lib/x86_64-linux-gnu/ld-2.23.so
7f7be3901000-7f7be3902000 rw-p 00000000 00:00 0 
7fff3035c000-7fff3037d000 rw-p 00000000 00:00 0                          [stack]
7fff303f1000-7fff303f4000 r--p 00000000 00:00 0                          [vvar]
7fff303f4000-7fff303f6000 r-xp 00000000 00:00 0                          [vdso]
ffffffffff600000-ffffffffff601000 r-xp 00000000 00:00 0                  [vsyscall]

VM Arguments:
jvm_args: -Xms2g -Xmx2g -Xss256k -Djava.awt.headless=true -XX:+UseParNewGC -XX:+UseConcMarkSweepGC -XX:CMSInitiatingOccupancyFraction=75 -XX:+UseCMSInitiatingOccupancyOnly -XX:+HeapDumpOnOutOfMemoryError -XX:+DisableExplicitGC -Dfile.encoding=UTF-8 -Delasticsearch -Des.foreground=yes -Des.path.home=/home/vagrant/youtube-scraper/linkurious-linux/system/elasticsearch 
java_command: org.elasticsearch.bootstrap.Elasticsearch
java_class_path (initial): :/home/vagrant/youtube-scraper/linkurious-linux/system/elasticsearch/lib/elasticsearch-1.4.5.jar:/home/vagrant/youtube-scraper/linkurious-linux/system/elasticsearch/lib/lucene-misc-4.10.4.jar:/home/vagrant/youtube-scraper/linkurious-linux/system/elasticsearch/lib/spatial4j-0.4.1.jar:/home/vagrant/youtube-scraper/linkurious-linux/system/elasticsearch/lib/lucene-grouping-4.10.4.jar:/home/vagrant/youtube-scraper/linkurious-linux/system/elasticsearch/lib/lucene-join-4.10.4.jar:/home/vagrant/youtube-scraper/linkurious-linux/system/elasticsearch/lib/lucene-analyzers-common-4.10.4.jar:/home/vagrant/youtube-scraper/linkurious-linux/system/elasticsearch/lib/asm-commons-4.1.jar:/home/vagrant/youtube-scraper/linkurious-linux/system/elasticsearch/lib/lucene-core-4.10.4.jar:/home/vagrant/youtube-scraper/linkurious-linux/system/elasticsearch/lib/elasticsearch-1.4.5.jar:/home/vagrant/youtube-scraper/linkurious-linux/system/elasticsearch/lib/lucene-memory-4.10.4.jar:/home/vagrant/youtube-scraper/linkurious-linux/system/elasticsearch/lib/lucene-sandbox-4.10.4.jar:/home/vagrant/youtube-scraper/linkurious-linux/system/elasticsearch/lib/lucene-spatial-4.10.4.jar:/home/vagrant/youtube-scraper/linkurious-linux/system/elasticsearch/lib/lucene-highlighter-4.10.4.jar:/home/vagrant/youtube-scraper/linkurious-linux/system/elasticsearch/lib/antlr-runtime-3.5.jar:/home/vagrant/youtube-scraper/linkurious-linux/system/elasticsearch/lib/jts-1.13.jar:/home/vagrant/youtube-scraper/linkurious-linux/system/elasticsearch/lib/lucene-expressions-4.10.4.jar:/home/vagrant/youtube-scraper/linkurious-linux/system/elasticsearch/lib/asm-4.1.jar:/home/vagrant/youtube-scraper/linkurious-linux/system/elasticsearch/lib/groovy-all-2.3.2.jar:/home/vagrant/youtube-scraper/linkurious-linux/system/elasticsearch/lib/jna-4.1.0.jar:/home/vagrant/youtube-scraper/linkurious-linux/system/elasticsearch/lib/log4j-1.2.17.jar:/home/vagrant/youtube-scraper/linkurious-linux/system/elasticsearch/lib/luc
Launcher Type: SUN_STANDARD

Environment Variables:
JAVA_HOME=/usr

Signal Handlers:
SIGSEGV: [libjvm.so+0xa6e6f0], sa_mask[0]=11111111011111111101111111111110, sa_flags=SA_RESTART|SA_SIGINFO
SIGBUS: [libjvm.so+0xa6e6f0], sa_mask[0]=11111111011111111101111111111110, sa_flags=SA_RESTART|SA_SIGINFO
SIGFPE: [libjvm.so+0x8b5d50], sa_mask[0]=11111111011111111101111111111110, sa_flags=SA_RESTART|SA_SIGINFO
SIGPIPE: [libjvm.so+0x8b5d50], sa_mask[0]=11111111011111111101111111111110, sa_flags=SA_RESTART|SA_SIGINFO
SIGXFSZ: [libjvm.so+0x8b5d50], sa_mask[0]=11111111011111111101111111111110, sa_flags=SA_RESTART|SA_SIGINFO
SIGILL: [libjvm.so+0x8b5d50], sa_mask[0]=11111111011111111101111111111110, sa_flags=SA_RESTART|SA_SIGINFO
SIGUSR1: SIG_DFL, sa_mask[0]=00000000000000000000000000000000, sa_flags=none
SIGUSR2: [libjvm.so+0x8b5c00], sa_mask[0]=00000000000000000000000000000000, sa_flags=SA_RESTART|SA_SIGINFO
SIGHUP: SIG_DFL, sa_mask[0]=00000000000000000000000000000000, sa_flags=none
SIGINT: SIG_DFL, sa_mask[0]=00000000000000000000000000000000, sa_flags=none
SIGTERM: SIG_DFL, sa_mask[0]=00000000000000000000000000000000, sa_flags=none
SIGQUIT: SIG_DFL, sa_mask[0]=00000000000000000000000000000000, sa_flags=none


---------------  S Y S T E M  ---------------

OS:DISTRIB_ID=Ubuntu
DISTRIB_RELEASE=16.04
DISTRIB_CODENAME=xenial
DISTRIB_DESCRIPTION="Ubuntu 16.04.4 LTS"

uname:Linux 4.4.0-130-generic #156-Ubuntu SMP Thu Jun 14 08:53:28 UTC 2018 x86_64
libc:glibc 2.23 NPTL 2.23 
rlimit: STACK 8192k, CORE 0k, NPROC 17215, NOFILE 1048576, AS infinity
load average:0.55 1.17 0.61

/proc/meminfo:
MemTotal:        4451584 kB
MemFree:          145948 kB
MemAvailable:     126140 kB
Buffers:           15864 kB
Cached:           283912 kB
SwapCached:        16488 kB
Active:          2946888 kB
Inactive:        1182012 kB
Active(anon):    2890272 kB
Inactive(anon):  1070012 kB
Active(file):      56616 kB
Inactive(file):   112000 kB
Unevictable:        3684 kB
Mlocked:            3684 kB
SwapTotal:       1003516 kB
SwapFree:         518816 kB
Dirty:               112 kB
Writeback:             0 kB
AnonPages:       3825092 kB
Mapped:           230288 kB
Shmem:            128736 kB
Slab:              66584 kB
SReclaimable:      32316 kB
SUnreclaim:        34268 kB
KernelStack:       11520 kB
PageTables:        47516 kB
NFS_Unstable:          0 kB
Bounce:                0 kB
WritebackTmp:          0 kB
CommitLimit:     3229308 kB
Committed_AS:    8773872 kB
VmallocTotal:   34359738367 kB
VmallocUsed:           0 kB
VmallocChunk:          0 kB
HardwareCorrupted:     0 kB
AnonHugePages:         0 kB
CmaTotal:              0 kB
CmaFree:               0 kB
HugePages_Total:       0
HugePages_Free:        0
HugePages_Rsvd:        0
HugePages_Surp:        0
Hugepagesize:       2048 kB
DirectMap4k:      116672 kB
DirectMap2M:     4491264 kB


CPU:total 4 (initial active 4) (4 cores per cpu, 1 threads per core) family 6 model 58 stepping 9, cmov, cx8, fxsr, mmx, sse, sse2, sse3, ssse3, sse4.1, sse4.2, popcnt, avx, aes, clmul, tsc, tscinvbit, tscinv

/proc/cpuinfo:
processor	: 0
vendor_id	: GenuineIntel
cpu family	: 6
model		: 58
model name	: Intel(R) Xeon(R) CPU E3-1270 V2 @ 3.50GHz
stepping	: 9
microcode	: 0x19
cpu MHz		: 3492.086
cache size	: 8192 KB
physical id	: 0
siblings	: 4
core id		: 0
cpu cores	: 4
apicid		: 0
initial apicid	: 0
fpu		: yes
fpu_exception	: yes
cpuid level	: 13
wp		: yes
flags		: fpu vme de pse tsc msr pae mce cx8 apic sep mtrr pge mca cmov pat pse36 clflush mmx fxsr sse sse2 ht syscall nx rdtscp lm constant_tsc rep_good nopl xtopology nonstop_tsc eagerfpu pni pclmulqdq ssse3 cx16 sse4_1 sse4_2 x2apic popcnt aes xsave avx rdrand hypervisor lahf_lm kaiser
bugs		: cpu_meltdown spectre_v1 spectre_v2 spec_store_bypass
bogomips	: 6984.17
clflush size	: 64
cache_alignment	: 64
address sizes	: 36 bits physical, 48 bits virtual
power management:

processor	: 1
vendor_id	: GenuineIntel
cpu family	: 6
model		: 58
model name	: Intel(R) Xeon(R) CPU E3-1270 V2 @ 3.50GHz
stepping	: 9
microcode	: 0x19
cpu MHz		: 3492.086
cache size	: 8192 KB
physical id	: 0
siblings	: 4
core id		: 1
cpu cores	: 4
apicid		: 1
initial apicid	: 1
fpu		: yes
fpu_exception	: yes
cpuid level	: 13
wp		: yes
flags		: fpu vme de pse tsc msr pae mce cx8 apic sep mtrr pge mca cmov pat pse36 clflush mmx fxsr sse sse2 ht syscall nx rdtscp lm constant_tsc rep_good nopl xtopology nonstop_tsc eagerfpu pni pclmulqdq ssse3 cx16 sse4_1 sse4_2 x2apic popcnt aes xsave avx rdrand hypervisor lahf_lm kaiser
bugs		: cpu_meltdown spectre_v1 spectre_v2 spec_store_bypass
bogomips	: 6984.17
clflush size	: 64
cache_alignment	: 64
address sizes	: 36 bits physical, 48 bits virtual
power management:

processor	: 2
vendor_id	: GenuineIntel
cpu family	: 6
model		: 58
model name	: Intel(R) Xeon(R) CPU E3-1270 V2 @ 3.50GHz
stepping	: 9
microcode	: 0x19
cpu MHz		: 3492.086
cache size	: 8192 KB
physical id	: 0
siblings	: 4
core id		: 2
cpu cores	: 4
apicid		: 2
initial apicid	: 2
fpu		: yes
fpu_exception	: yes
cpuid level	: 13
wp		: yes
flags		: fpu vme de pse tsc msr pae mce cx8 apic sep mtrr pge mca cmov pat pse36 clflush mmx fxsr sse sse2 ht syscall nx rdtscp lm constant_tsc rep_good nopl xtopology nonstop_tsc eagerfpu pni pclmulqdq ssse3 cx16 sse4_1 sse4_2 x2apic popcnt aes xsave avx rdrand hypervisor lahf_lm kaiser
bugs		: cpu_meltdown spectre_v1 spectre_v2 spec_store_bypass
bogomips	: 6984.17
clflush size	: 64
cache_alignment	: 64
address sizes	: 36 bits physical, 48 bits virtual
power management:

processor	: 3
vendor_id	: GenuineIntel
cpu family	: 6
model		: 58
model name	: Intel(R) Xeon(R) CPU E3-1270 V2 @ 3.50GHz
stepping	: 9
microcode	: 0x19
cpu MHz		: 3492.086
cache size	: 8192 KB
physical id	: 0
siblings	: 4
core id		: 3
cpu cores	: 4
apicid		: 3
initial apicid	: 3
fpu		: yes
fpu_exception	: yes
cpuid level	: 13
wp		: yes
flags		: fpu vme de pse tsc msr pae mce cx8 apic sep mtrr pge mca cmov pat pse36 clflush mmx fxsr sse sse2 ht syscall nx rdtscp lm constant_tsc rep_good nopl xtopology nonstop_tsc eagerfpu pni pclmulqdq ssse3 cx16 sse4_1 sse4_2 x2apic popcnt aes xsave avx rdrand hypervisor lahf_lm kaiser
bugs		: cpu_meltdown spectre_v1 spectre_v2 spec_store_bypass
bogomips	: 6984.17
clflush size	: 64
cache_alignment	: 64
address sizes	: 36 bits physical, 48 bits virtual
power management:



Memory: 4k page, physical 4451584k(145948k free), swap 1003516k(518816k free)

vm_info: OpenJDK 64-Bit Server VM (25.171-b11) for linux-amd64 JRE (1.8.0_171-8u171-b11-0ubuntu0.16.04.1-b11), built on Apr 27 2018 17:19:03 by "buildd" with gcc 5.4.0 20160609

time: Tue Aug  7 15:13:27 2018
elapsed time: 0 seconds (0d 0h 0m 0s)

